\BOOKMARK [0][-]{chapter.1}{\376\377\0001\000\040\000M\000o\000d\000u\000l\000e\000\040\000I\000n\000d\000e\000x}{}% 1
\BOOKMARK [1][-]{section.1.1}{\376\377\0001\000.\0001\000\040\000M\000o\000d\000u\000l\000e\000s}{chapter.1}% 2
\BOOKMARK [0][-]{chapter.2}{\376\377\0002\000\040\000F\000i\000l\000e\000\040\000I\000n\000d\000e\000x}{}% 3
\BOOKMARK [1][-]{section.2.1}{\376\377\0002\000.\0001\000\040\000F\000i\000l\000e\000\040\000L\000i\000s\000t}{chapter.2}% 4
\BOOKMARK [0][-]{chapter.3}{\376\377\0003\000\040\000M\000o\000d\000u\000l\000e\000\040\000D\000o\000c\000u\000m\000e\000n\000t\000a\000t\000i\000o\000n}{}% 5
\BOOKMARK [1][-]{section.3.1}{\376\377\0003\000.\0001\000\040\000M\000Q\000T\000T}{chapter.3}% 6
\BOOKMARK [2][-]{subsection.3.1.1}{\376\377\0003\000.\0001\000.\0001\000\040\000D\000e\000t\000a\000i\000l\000e\000d\000\040\000D\000e\000s\000c\000r\000i\000p\000t\000i\000o\000n}{section.3.1}% 7
\BOOKMARK [2][-]{subsection.3.1.2}{\376\377\0003\000.\0001\000.\0002\000\040\000M\000a\000c\000r\000o\000\040\000D\000e\000f\000i\000n\000i\000t\000i\000o\000n\000\040\000D\000o\000c\000u\000m\000e\000n\000t\000a\000t\000i\000o\000n}{section.3.1}% 8
\BOOKMARK [3][-]{subsubsection.3.1.2.1}{\376\377\0003\000.\0001\000.\0002\000.\0001\000\040\000M\000Q\000T\000T\000\137\000N\000E\000T\000W\000O\000R\000K\000\137\000C\000O\000N\000N\000E\000C\000T\000\137\000T\000I\000M\000E\000O\000U\000T}{subsection.3.1.2}% 9
\BOOKMARK [3][-]{subsubsection.3.1.2.2}{\376\377\0003\000.\0001\000.\0002\000.\0002\000\040\000N\000E\000T\000W\000O\000R\000K\000\137\000M\000Q\000T\000T\000\137\000A\000D\000D\000R\000E\000S\000S\000\137\000L\000E\000N\000G\000T\000H}{subsection.3.1.2}% 10
\BOOKMARK [3][-]{subsubsection.3.1.2.3}{\376\377\0003\000.\0001\000.\0002\000.\0003\000\040\000N\000E\000T\000W\000O\000R\000K\000\137\000M\000Q\000T\000T\000\137\000D\000E\000V\000I\000C\000E\000\137\000T\000O\000K\000E\000N\000\137\000L\000E\000N\000G\000T\000H}{subsection.3.1.2}% 11
\BOOKMARK [3][-]{subsubsection.3.1.2.4}{\376\377\0003\000.\0001\000.\0002\000.\0004\000\040\000N\000E\000T\000W\000O\000R\000K\000\137\000M\000Q\000T\000T\000\137\000Q\000U\000E\000U\000E\000S\000\137\000S\000I\000Z\000E}{subsection.3.1.2}% 12
\BOOKMARK [3][-]{subsubsection.3.1.2.5}{\376\377\0003\000.\0001\000.\0002\000.\0005\000\040\000N\000E\000T\000W\000O\000R\000K\000\137\000M\000Q\000T\000T\000\137\000R\000E\000F\000R\000E\000S\000H\000\137\000P\000E\000R\000I\000O\000D\000\137\000M\000S}{subsection.3.1.2}% 13
\BOOKMARK [3][-]{subsubsection.3.1.2.6}{\376\377\0003\000.\0001\000.\0002\000.\0006\000\040\000N\000E\000T\000W\000O\000R\000K\000\137\000M\000Q\000T\000T\000\137\000T\000A\000S\000K\000\137\000S\000T\000A\000C\000K\000\137\000S\000I\000Z\000E}{subsection.3.1.2}% 14
\BOOKMARK [2][-]{subsection.3.1.3}{\376\377\0003\000.\0001\000.\0003\000\040\000F\000u\000n\000c\000t\000i\000o\000n\000\040\000D\000o\000c\000u\000m\000e\000n\000t\000a\000t\000i\000o\000n}{section.3.1}% 15
\BOOKMARK [3][-]{subsubsection.3.1.3.1}{\376\377\0003\000.\0001\000.\0003\000.\0001\000\040\000n\000e\000t\000M\000Q\000T\000T\000\137\000C\000o\000n\000f\000i\000g\000\050\000\051}{subsection.3.1.3}% 16
\BOOKMARK [3][-]{subsubsection.3.1.3.2}{\376\377\0003\000.\0001\000.\0003\000.\0002\000\040\000n\000e\000t\000M\000Q\000T\000T\000\137\000I\000n\000i\000t\000\050\000\051}{subsection.3.1.3}% 17
\BOOKMARK [3][-]{subsubsection.3.1.3.3}{\376\377\0003\000.\0001\000.\0003\000.\0003\000\040\000n\000e\000t\000M\000Q\000T\000T\000\137\000P\000u\000b\000l\000i\000s\000h\000\050\000\051}{subsection.3.1.3}% 18
\BOOKMARK [3][-]{subsubsection.3.1.3.4}{\376\377\0003\000.\0001\000.\0003\000.\0004\000\040\000n\000e\000t\000M\000Q\000T\000T\000\137\000R\000e\000a\000d\000y\000\050\000\051}{subsection.3.1.3}% 19
\BOOKMARK [3][-]{subsubsection.3.1.3.5}{\376\377\0003\000.\0001\000.\0003\000.\0005\000\040\000n\000e\000t\000M\000Q\000T\000T\000\137\000S\000t\000a\000r\000t\000\050\000\051}{subsection.3.1.3}% 20
\BOOKMARK [3][-]{subsubsection.3.1.3.6}{\376\377\0003\000.\0001\000.\0003\000.\0006\000\040\000n\000e\000t\000M\000Q\000T\000T\000\137\000S\000t\000o\000p\000\050\000\051}{subsection.3.1.3}% 21
\BOOKMARK [1][-]{section.3.2}{\376\377\0003\000.\0002\000\040\000N\000T\000P}{chapter.3}% 22
\BOOKMARK [2][-]{subsection.3.2.1}{\376\377\0003\000.\0002\000.\0001\000\040\000D\000e\000t\000a\000i\000l\000e\000d\000\040\000D\000e\000s\000c\000r\000i\000p\000t\000i\000o\000n}{section.3.2}% 23
\BOOKMARK [2][-]{subsection.3.2.2}{\376\377\0003\000.\0002\000.\0002\000\040\000M\000a\000c\000r\000o\000\040\000D\000e\000f\000i\000n\000i\000t\000i\000o\000n\000\040\000D\000o\000c\000u\000m\000e\000n\000t\000a\000t\000i\000o\000n}{section.3.2}% 24
\BOOKMARK [3][-]{subsubsection.3.2.2.1}{\376\377\0003\000.\0002\000.\0002\000.\0001\000\040\000N\000E\000T\000W\000O\000R\000K\000\137\000N\000T\000P\000\137\000Q\000U\000E\000U\000E\000S\000\137\000S\000I\000Z\000E}{subsection.3.2.2}% 25
\BOOKMARK [3][-]{subsubsection.3.2.2.2}{\376\377\0003\000.\0002\000.\0002\000.\0002\000\040\000N\000E\000T\000W\000O\000R\000K\000\137\000N\000T\000P\000\137\000T\000A\000S\000K\000\137\000S\000T\000A\000C\000K\000\137\000S\000I\000Z\000E}{subsection.3.2.2}% 26
\BOOKMARK [2][-]{subsection.3.2.3}{\376\377\0003\000.\0002\000.\0003\000\040\000F\000u\000n\000c\000t\000i\000o\000n\000\040\000D\000o\000c\000u\000m\000e\000n\000t\000a\000t\000i\000o\000n}{section.3.2}% 27
\BOOKMARK [3][-]{subsubsection.3.2.3.1}{\376\377\0003\000.\0002\000.\0003\000.\0001\000\040\000n\000e\000t\000N\000T\000P\000\137\000G\000e\000t\000T\000i\000m\000e\000\050\000\051}{subsection.3.2.3}% 28
\BOOKMARK [3][-]{subsubsection.3.2.3.2}{\376\377\0003\000.\0002\000.\0003\000.\0002\000\040\000n\000e\000t\000N\000T\000P\000\137\000I\000n\000i\000t\000\050\000\051}{subsection.3.2.3}% 29
\BOOKMARK [1][-]{section.3.3}{\376\377\0003\000.\0003\000\040\000T\000r\000a\000n\000s\000p\000o\000r\000t\000\040\000l\000a\000y\000e\000r\000\040\000r\000e\000l\000a\000t\000e\000d\000\040\000f\000u\000n\000c\000t\000i\000o\000n\000s}{chapter.3}% 30
\BOOKMARK [2][-]{subsection.3.3.1}{\376\377\0003\000.\0003\000.\0001\000\040\000D\000e\000t\000a\000i\000l\000e\000d\000\040\000D\000e\000s\000c\000r\000i\000p\000t\000i\000o\000n}{section.3.3}% 31
\BOOKMARK [2][-]{subsection.3.3.2}{\376\377\0003\000.\0003\000.\0002\000\040\000M\000a\000c\000r\000o\000\040\000D\000e\000f\000i\000n\000i\000t\000i\000o\000n\000\040\000D\000o\000c\000u\000m\000e\000n\000t\000a\000t\000i\000o\000n}{section.3.3}% 32
\BOOKMARK [3][-]{subsubsection.3.3.2.1}{\376\377\0003\000.\0003\000.\0002\000.\0001\000\040\000N\000E\000T\000W\000O\000R\000K\000\137\000R\000E\000C\000E\000I\000V\000E\000\137\000T\000I\000M\000E\000O\000U\000T}{subsection.3.3.2}% 33
\BOOKMARK [3][-]{subsubsection.3.3.2.2}{\376\377\0003\000.\0003\000.\0002\000.\0002\000\040\000N\000E\000T\000W\000O\000R\000K\000\137\000S\000E\000N\000D\000\137\000T\000I\000M\000E\000O\000U\000T}{subsection.3.3.2}% 34
\BOOKMARK [3][-]{subsubsection.3.3.2.3}{\376\377\0003\000.\0003\000.\0002\000.\0003\000\040\000N\000E\000T\000W\000O\000R\000K\000\137\000T\000C\000P\000\137\000C\000O\000N\000N\000E\000C\000T\000\137\000T\000I\000M\000E\000O\000U\000T}{subsection.3.3.2}% 35
\BOOKMARK [3][-]{subsubsection.3.3.2.4}{\376\377\0003\000.\0003\000.\0002\000.\0004\000\040\000N\000E\000T\000W\000O\000R\000K\000\137\000U\000D\000P\000\137\000C\000O\000N\000N\000E\000C\000T\000\137\000T\000I\000M\000E\000O\000U\000T}{subsection.3.3.2}% 36
\BOOKMARK [2][-]{subsection.3.3.3}{\376\377\0003\000.\0003\000.\0003\000\040\000F\000u\000n\000c\000t\000i\000o\000n\000\040\000D\000o\000c\000u\000m\000e\000n\000t\000a\000t\000i\000o\000n}{section.3.3}% 37
\BOOKMARK [3][-]{subsubsection.3.3.3.1}{\376\377\0003\000.\0003\000.\0003\000.\0001\000\040\000n\000e\000t\000T\000C\000P\000\137\000C\000l\000o\000s\000e\000\050\000\051}{subsection.3.3.3}% 38
\BOOKMARK [3][-]{subsubsection.3.3.3.2}{\376\377\0003\000.\0003\000.\0003\000.\0002\000\040\000n\000e\000t\000T\000C\000P\000\137\000S\000t\000a\000r\000t\000\050\000\051}{subsection.3.3.3}% 39
\BOOKMARK [3][-]{subsubsection.3.3.3.3}{\376\377\0003\000.\0003\000.\0003\000.\0003\000\040\000n\000e\000t\000T\000R\000A\000N\000S\000P\000O\000R\000T\000\137\000R\000e\000c\000v\000\050\000\051}{subsection.3.3.3}% 40
\BOOKMARK [3][-]{subsubsection.3.3.3.4}{\376\377\0003\000.\0003\000.\0003\000.\0004\000\040\000n\000e\000t\000T\000R\000A\000N\000S\000P\000O\000R\000T\000\137\000S\000e\000n\000d\000\050\000\051}{subsection.3.3.3}% 41
\BOOKMARK [3][-]{subsubsection.3.3.3.5}{\376\377\0003\000.\0003\000.\0003\000.\0005\000\040\000n\000e\000t\000U\000D\000P\000\137\000C\000l\000o\000s\000e\000\050\000\051}{subsection.3.3.3}% 42
\BOOKMARK [3][-]{subsubsection.3.3.3.6}{\376\377\0003\000.\0003\000.\0003\000.\0006\000\040\000n\000e\000t\000U\000D\000P\000\137\000S\000t\000a\000r\000t\000\050\000\051}{subsection.3.3.3}% 43
\BOOKMARK [1][-]{section.3.4}{\376\377\0003\000.\0004\000\040\000W\000i\000F\000i\000\040\000r\000e\000l\000a\000t\000e\000d\000\040\000f\000u\000n\000c\000t\000i\000o\000n\000s}{chapter.3}% 44
\BOOKMARK [2][-]{subsection.3.4.1}{\376\377\0003\000.\0004\000.\0001\000\040\000D\000e\000t\000a\000i\000l\000e\000d\000\040\000D\000e\000s\000c\000r\000i\000p\000t\000i\000o\000n}{section.3.4}% 45
\BOOKMARK [2][-]{subsection.3.4.2}{\376\377\0003\000.\0004\000.\0002\000\040\000M\000a\000c\000r\000o\000\040\000D\000e\000f\000i\000n\000i\000t\000i\000o\000n\000\040\000D\000o\000c\000u\000m\000e\000n\000t\000a\000t\000i\000o\000n}{section.3.4}% 46
\BOOKMARK [3][-]{subsubsection.3.4.2.1}{\376\377\0003\000.\0004\000.\0002\000.\0001\000\040\000N\000E\000T\000W\000O\000R\000K\000\137\000C\000O\000N\000N\000E\000C\000T\000\137\000T\000I\000M\000E\000O\000U\000T}{subsection.3.4.2}% 47
\BOOKMARK [3][-]{subsubsection.3.4.2.2}{\376\377\0003\000.\0004\000.\0002\000.\0002\000\040\000N\000E\000T\000W\000O\000R\000K\000\137\000M\000A\000C\000\137\000A\000D\000D\000R\000E\000S\000S\000\137\000L\000E\000N\000G\000T\000H}{subsection.3.4.2}% 48
\BOOKMARK [3][-]{subsubsection.3.4.2.3}{\376\377\0003\000.\0004\000.\0002\000.\0003\000\040\000N\000E\000T\000W\000O\000R\000K\000\137\000M\000A\000X\000\137\000B\000S\000S\000I\000D\000\137\000L\000E\000N\000G\000T\000H}{subsection.3.4.2}% 49
\BOOKMARK [3][-]{subsubsection.3.4.2.4}{\376\377\0003\000.\0004\000.\0002\000.\0004\000\040\000N\000E\000T\000W\000O\000R\000K\000\137\000M\000A\000X\000\137\000P\000A\000S\000S\000W\000O\000R\000D\000\137\000L\000E\000N\000G\000T\000H}{subsection.3.4.2}% 50
\BOOKMARK [3][-]{subsubsection.3.4.2.5}{\376\377\0003\000.\0004\000.\0002\000.\0005\000\040\000N\000E\000T\000W\000O\000R\000K\000\137\000M\000A\000X\000\137\000S\000S\000I\000D\000\137\000L\000E\000N\000G\000T\000H}{subsection.3.4.2}% 51
\BOOKMARK [3][-]{subsubsection.3.4.2.6}{\376\377\0003\000.\0004\000.\0002\000.\0006\000\040\000N\000E\000T\000W\000O\000R\000K\000\137\000R\000E\000F\000R\000E\000S\000H\000\137\000P\000E\000R\000I\000O\000D\000\137\000M\000S}{subsection.3.4.2}% 52
\BOOKMARK [3][-]{subsubsection.3.4.2.7}{\376\377\0003\000.\0004\000.\0002\000.\0007\000\040\000N\000E\000T\000W\000O\000R\000K\000\137\000W\000I\000F\000I\000\137\000C\000H\000E\000C\000K\000\137\000P\000E\000R\000I\000O\000D}{subsection.3.4.2}% 53
\BOOKMARK [3][-]{subsubsection.3.4.2.8}{\376\377\0003\000.\0004\000.\0002\000.\0008\000\040\000N\000E\000T\000W\000O\000R\000K\000\137\000W\000I\000F\000I\000\137\000Q\000U\000E\000U\000E\000S\000\137\000S\000I\000Z\000E}{subsection.3.4.2}% 54
\BOOKMARK [3][-]{subsubsection.3.4.2.9}{\376\377\0003\000.\0004\000.\0002\000.\0009\000\040\000N\000E\000T\000W\000O\000R\000K\000\137\000W\000I\000F\000I\000\137\000S\000C\000A\000N\000\137\000T\000I\000M\000E\000O\000U\000T}{subsection.3.4.2}% 55
\BOOKMARK [3][-]{subsubsection.3.4.2.10}{\376\377\0003\000.\0004\000.\0002\000.\0001\0000\000\040\000N\000E\000T\000W\000O\000R\000K\000\137\000W\000I\000F\000I\000\137\000S\000T\000A\000C\000K\000\137\000S\000I\000Z\000E}{subsection.3.4.2}% 56
\BOOKMARK [2][-]{subsection.3.4.3}{\376\377\0003\000.\0004\000.\0003\000\040\000F\000u\000n\000c\000t\000i\000o\000n\000\040\000D\000o\000c\000u\000m\000e\000n\000t\000a\000t\000i\000o\000n}{section.3.4}% 57
\BOOKMARK [3][-]{subsubsection.3.4.3.1}{\376\377\0003\000.\0004\000.\0003\000.\0001\000\040\000n\000e\000t\000W\000I\000F\000I\000\137\000C\000h\000e\000c\000k\000\050\000\051}{subsection.3.4.3}% 58
\BOOKMARK [3][-]{subsubsection.3.4.3.2}{\376\377\0003\000.\0004\000.\0003\000.\0002\000\040\000n\000e\000t\000W\000I\000F\000I\000\137\000C\000o\000n\000n\000e\000c\000t\000\050\000\051}{subsection.3.4.3}% 59
\BOOKMARK [3][-]{subsubsection.3.4.3.3}{\376\377\0003\000.\0004\000.\0003\000.\0003\000\040\000n\000e\000t\000W\000I\000F\000I\000\137\000D\000i\000s\000c\000o\000n\000n\000e\000c\000t\000\050\000\051}{subsection.3.4.3}% 60
\BOOKMARK [3][-]{subsubsection.3.4.3.4}{\376\377\0003\000.\0004\000.\0003\000.\0004\000\040\000n\000e\000t\000W\000I\000F\000I\000\137\000I\000n\000i\000t\000\050\000\051}{subsection.3.4.3}% 61
\BOOKMARK [3][-]{subsubsection.3.4.3.5}{\376\377\0003\000.\0004\000.\0003\000.\0005\000\040\000n\000e\000t\000W\000I\000F\000I\000\137\000S\000c\000a\000n\000\050\000\051}{subsection.3.4.3}% 62
\BOOKMARK [3][-]{subsubsection.3.4.3.6}{\376\377\0003\000.\0004\000.\0003\000.\0006\000\040\000n\000e\000t\000W\000I\000F\000I\000\137\000S\000c\000a\000n\000n\000e\000d\000S\000S\000I\000D\000\050\000\051}{subsection.3.4.3}% 63
\BOOKMARK [1][-]{section.3.5}{\376\377\0003\000.\0005\000\040\000M\000e\000n\000u\000\040\000i\000n\000t\000e\000r\000f\000a\000c\000i\000n\000g}{chapter.3}% 64
\BOOKMARK [2][-]{subsection.3.5.1}{\376\377\0003\000.\0005\000.\0001\000\040\000D\000e\000t\000a\000i\000l\000e\000d\000\040\000D\000e\000s\000c\000r\000i\000p\000t\000i\000o\000n}{section.3.5}% 65
\BOOKMARK [2][-]{subsection.3.5.2}{\376\377\0003\000.\0005\000.\0002\000\040\000M\000a\000c\000r\000o\000\040\000D\000e\000f\000i\000n\000i\000t\000i\000o\000n\000\040\000D\000o\000c\000u\000m\000e\000n\000t\000a\000t\000i\000o\000n}{section.3.5}% 66
\BOOKMARK [3][-]{subsubsection.3.5.2.1}{\376\377\0003\000.\0005\000.\0002\000.\0001\000\040\000U\000I\000\137\000M\000E\000N\000U\000\137\000B\000L\000I\000N\000K\000\137\000P\000E\000R\000I\000O\000D\000\137\000M\000S}{subsection.3.5.2}% 67
\BOOKMARK [3][-]{subsubsection.3.5.2.2}{\376\377\0003\000.\0005\000.\0002\000.\0002\000\040\000U\000I\000\137\000M\000E\000N\000U\000\137\000C\000O\000L\000U\000M\000N\000S}{subsection.3.5.2}% 68
\BOOKMARK [3][-]{subsubsection.3.5.2.3}{\376\377\0003\000.\0005\000.\0002\000.\0003\000\040\000U\000I\000\137\000M\000E\000N\000U\000\137\000E\000N\000C\000O\000D\000E\000R\000\137\000I\000N\000V\000E\000R\000T}{subsection.3.5.2}% 69
\BOOKMARK [3][-]{subsubsection.3.5.2.4}{\376\377\0003\000.\0005\000.\0002\000.\0004\000\040\000U\000I\000\137\000M\000E\000N\000U\000\137\000F\000A\000I\000L\000\137\000M\000E\000S\000S\000A\000G\000E}{subsection.3.5.2}% 70
\BOOKMARK [3][-]{subsubsection.3.5.2.5}{\376\377\0003\000.\0005\000.\0002\000.\0005\000\040\000U\000I\000\137\000M\000E\000N\000U\000\137\000L\000I\000N\000E\000S}{subsection.3.5.2}% 71
\BOOKMARK [3][-]{subsubsection.3.5.2.6}{\376\377\0003\000.\0005\000.\0002\000.\0006\000\040\000U\000I\000\137\000M\000E\000N\000U\000\137\000P\000R\000O\000C\000E\000S\000S\000I\000N\000G\000\137\000M\000E\000S\000S\000A\000G\000E}{subsection.3.5.2}% 72
\BOOKMARK [3][-]{subsubsection.3.5.2.7}{\376\377\0003\000.\0005\000.\0002\000.\0007\000\040\000U\000I\000\137\000M\000E\000N\000U\000\137\000R\000E\000F\000R\000E\000S\000H\000\137\000P\000E\000R\000I\000O\000D\000\137\000M\000S}{subsection.3.5.2}% 73
\BOOKMARK [3][-]{subsubsection.3.5.2.8}{\376\377\0003\000.\0005\000.\0002\000.\0008\000\040\000U\000I\000\137\000M\000E\000N\000U\000\137\000S\000U\000C\000C\000E\000S\000S\000\137\000M\000E\000S\000S\000A\000G\000E}{subsection.3.5.2}% 74
\BOOKMARK [2][-]{subsection.3.5.3}{\376\377\0003\000.\0005\000.\0003\000\040\000T\000y\000p\000e\000d\000e\000f\000\040\000D\000o\000c\000u\000m\000e\000n\000t\000a\000t\000i\000o\000n}{section.3.5}% 75
\BOOKMARK [3][-]{subsubsection.3.5.3.1}{\376\377\0003\000.\0005\000.\0003\000.\0001\000\040\000C\000o\000m\000m\000a\000n\000d\000F\000u\000n\000c\000t\000i\000o\000n\000\137\000t}{subsection.3.5.3}% 76
\BOOKMARK [3][-]{subsubsection.3.5.3.2}{\376\377\0003\000.\0005\000.\0003\000.\0002\000\040\000I\000t\000e\000m\000H\000a\000n\000d\000l\000e\000r\000\137\000t}{subsection.3.5.3}% 77
\BOOKMARK [2][-]{subsection.3.5.4}{\376\377\0003\000.\0005\000.\0004\000\040\000F\000u\000n\000c\000t\000i\000o\000n\000\040\000D\000o\000c\000u\000m\000e\000n\000t\000a\000t\000i\000o\000n}{section.3.5}% 78
\BOOKMARK [3][-]{subsubsection.3.5.4.1}{\376\377\0003\000.\0005\000.\0004\000.\0001\000\040\000u\000i\000E\000N\000C\000O\000D\000E\000R\000\137\000H\000a\000n\000d\000l\000e\000\050\000\051}{subsection.3.5.4}% 79
\BOOKMARK [3][-]{subsubsection.3.5.4.2}{\376\377\0003\000.\0005\000.\0004\000.\0002\000\040\000u\000i\000M\000E\000N\000U\000\137\000A\000s\000k\000\050\000\051}{subsection.3.5.4}% 80
\BOOKMARK [3][-]{subsubsection.3.5.4.3}{\376\377\0003\000.\0005\000.\0004\000.\0003\000\040\000u\000i\000M\000E\000N\000U\000\137\000B\000l\000i\000n\000k\000S\000t\000r\000\050\000\051}{subsection.3.5.4}% 81
\BOOKMARK [3][-]{subsubsection.3.5.4.4}{\376\377\0003\000.\0005\000.\0004\000.\0004\000\040\000u\000i\000M\000E\000N\000U\000\137\000B\000l\000i\000n\000k\000S\000t\000r\000C\000l\000e\000a\000r\000\050\000\051}{subsection.3.5.4}% 82
\BOOKMARK [3][-]{subsubsection.3.5.4.5}{\376\377\0003\000.\0005\000.\0004\000.\0005\000\040\000u\000i\000M\000E\000N\000U\000\137\000C\000e\000n\000t\000e\000r\000S\000t\000r\000i\000n\000g\000\050\000\051}{subsection.3.5.4}% 83
\BOOKMARK [3][-]{subsubsection.3.5.4.6}{\376\377\0003\000.\0005\000.\0004\000.\0006\000\040\000u\000i\000M\000E\000N\000U\000\137\000D\000e\000s\000t\000r\000o\000y\000\050\000\051}{subsection.3.5.4}% 84
\BOOKMARK [3][-]{subsubsection.3.5.4.7}{\376\377\0003\000.\0005\000.\0004\000.\0007\000\040\000u\000i\000M\000E\000N\000U\000\137\000E\000x\000e\000c\000u\000t\000e\000\050\000\051}{subsection.3.5.4}% 85
\BOOKMARK [3][-]{subsubsection.3.5.4.8}{\376\377\0003\000.\0005\000.\0004\000.\0008\000\040\000u\000i\000M\000E\000N\000U\000\137\000E\000x\000e\000c\000u\000t\000e\000C\000M\000D\000\050\000\051}{subsection.3.5.4}% 86
\BOOKMARK [3][-]{subsubsection.3.5.4.9}{\376\377\0003\000.\0005\000.\0004\000.\0009\000\040\000u\000i\000M\000E\000N\000U\000\137\000F\000i\000l\000l\000S\000t\000r\000i\000n\000g\000\050\000\051}{subsection.3.5.4}% 87
\BOOKMARK [3][-]{subsubsection.3.5.4.10}{\376\377\0003\000.\0005\000.\0004\000.\0001\0000\000\040\000u\000i\000M\000E\000N\000U\000\137\000G\000e\000n\000e\000r\000a\000t\000e\000\050\000\051}{subsection.3.5.4}% 88
\BOOKMARK [3][-]{subsubsection.3.5.4.11}{\376\377\0003\000.\0005\000.\0004\000.\0001\0001\000\040\000u\000i\000M\000E\000N\000U\000\137\000I\000n\000p\000u\000t\000D\000a\000t\000a\000\050\000\051}{subsection.3.5.4}% 89
\BOOKMARK [3][-]{subsubsection.3.5.4.12}{\376\377\0003\000.\0005\000.\0004\000.\0001\0002\000\040\000u\000i\000M\000E\000N\000U\000\137\000I\000t\000e\000m\000i\000z\000e\000S\000t\000r\000i\000n\000g\000\050\000\051}{subsection.3.5.4}% 90
\BOOKMARK [3][-]{subsubsection.3.5.4.13}{\376\377\0003\000.\0005\000.\0004\000.\0001\0003\000\040\000u\000i\000M\000E\000N\000U\000\137\000S\000e\000l\000e\000c\000t\000O\000p\000t\000i\000o\000n\000s\000\050\000\051}{subsection.3.5.4}% 91
\BOOKMARK [1][-]{section.3.6}{\376\377\0003\000.\0006\000\040\000F\000r\000e\000e\000R\000T\000O\000S\000-\000N\000e\000t\000w\000o\000r\000k\000-\000U\000I}{chapter.3}% 92
\BOOKMARK [2][-]{subsection.3.6.1}{\376\377\0003\000.\0006\000.\0001\000\040\000D\000e\000t\000a\000i\000l\000e\000d\000\040\000D\000e\000s\000c\000r\000i\000p\000t\000i\000o\000n}{section.3.6}% 93
\BOOKMARK [0][-]{chapter.4}{\376\377\0004\000\040\000F\000i\000l\000e\000\040\000D\000o\000c\000u\000m\000e\000n\000t\000a\000t\000i\000o\000n}{}% 94
\BOOKMARK [1][-]{section.4.1}{\376\377\0004\000.\0001\000\040\000C\000:\000/\000U\000s\000e\000r\000s\000/\000a\000l\000e\000x\000t\000/\000D\000e\000s\000k\000t\000o\000p\000/\000S\000E\000/\000W\000o\000r\000k\000s\000p\000a\000c\000e\000/\000F\000r\000e\000e\000R\000T\000O\000S\000-\000N\000e\000t\000w\000o\000r\000k\000-\000U\000I\000/\000i\000n\000c\000/\000n\000e\000t\000m\000q\000t\000t\000.\000h\000\040\000F\000i\000l\000e\000\040\000R\000e\000f\000e\000r\000e\000n\000c\000e}{chapter.4}% 95
\BOOKMARK [2][-]{subsection.4.1.1}{\376\377\0004\000.\0001\000.\0001\000\040\000D\000e\000t\000a\000i\000l\000e\000d\000\040\000D\000e\000s\000c\000r\000i\000p\000t\000i\000o\000n}{section.4.1}% 96
\BOOKMARK [1][-]{section.4.2}{\376\377\0004\000.\0002\000\040\000C\000:\000/\000U\000s\000e\000r\000s\000/\000a\000l\000e\000x\000t\000/\000D\000e\000s\000k\000t\000o\000p\000/\000S\000E\000/\000W\000o\000r\000k\000s\000p\000a\000c\000e\000/\000F\000r\000e\000e\000R\000T\000O\000S\000-\000N\000e\000t\000w\000o\000r\000k\000-\000U\000I\000/\000i\000n\000c\000/\000n\000e\000t\000n\000t\000p\000.\000h\000\040\000F\000i\000l\000e\000\040\000R\000e\000f\000e\000r\000e\000n\000c\000e}{chapter.4}% 97
\BOOKMARK [2][-]{subsection.4.2.1}{\376\377\0004\000.\0002\000.\0001\000\040\000D\000e\000t\000a\000i\000l\000e\000d\000\040\000D\000e\000s\000c\000r\000i\000p\000t\000i\000o\000n}{section.4.2}% 98
\BOOKMARK [1][-]{section.4.3}{\376\377\0004\000.\0003\000\040\000C\000:\000/\000U\000s\000e\000r\000s\000/\000a\000l\000e\000x\000t\000/\000D\000e\000s\000k\000t\000o\000p\000/\000S\000E\000/\000W\000o\000r\000k\000s\000p\000a\000c\000e\000/\000F\000r\000e\000e\000R\000T\000O\000S\000-\000N\000e\000t\000w\000o\000r\000k\000-\000U\000I\000/\000i\000n\000c\000/\000n\000e\000t\000t\000r\000a\000n\000s\000p\000o\000r\000t\000.\000h\000\040\000F\000i\000l\000e\000\040\000R\000e\000f\000e\000r\000e\000n\000c\000e}{chapter.4}% 99
\BOOKMARK [2][-]{subsection.4.3.1}{\376\377\0004\000.\0003\000.\0001\000\040\000D\000e\000t\000a\000i\000l\000e\000d\000\040\000D\000e\000s\000c\000r\000i\000p\000t\000i\000o\000n}{section.4.3}% 100
\BOOKMARK [1][-]{section.4.4}{\376\377\0004\000.\0004\000\040\000C\000:\000/\000U\000s\000e\000r\000s\000/\000a\000l\000e\000x\000t\000/\000D\000e\000s\000k\000t\000o\000p\000/\000S\000E\000/\000W\000o\000r\000k\000s\000p\000a\000c\000e\000/\000F\000r\000e\000e\000R\000T\000O\000S\000-\000N\000e\000t\000w\000o\000r\000k\000-\000U\000I\000/\000i\000n\000c\000/\000n\000e\000t\000w\000i\000f\000i\000.\000h\000\040\000F\000i\000l\000e\000\040\000R\000e\000f\000e\000r\000e\000n\000c\000e}{chapter.4}% 101
\BOOKMARK [2][-]{subsection.4.4.1}{\376\377\0004\000.\0004\000.\0001\000\040\000D\000e\000t\000a\000i\000l\000e\000d\000\040\000D\000e\000s\000c\000r\000i\000p\000t\000i\000o\000n}{section.4.4}% 102
\BOOKMARK [1][-]{section.4.5}{\376\377\0004\000.\0005\000\040\000C\000:\000/\000U\000s\000e\000r\000s\000/\000a\000l\000e\000x\000t\000/\000D\000e\000s\000k\000t\000o\000p\000/\000S\000E\000/\000W\000o\000r\000k\000s\000p\000a\000c\000e\000/\000F\000r\000e\000e\000R\000T\000O\000S\000-\000N\000e\000t\000w\000o\000r\000k\000-\000U\000I\000/\000i\000n\000c\000/\000u\000i\000m\000e\000n\000u\000.\000h\000\040\000F\000i\000l\000e\000\040\000R\000e\000f\000e\000r\000e\000n\000c\000e}{chapter.4}% 103
\BOOKMARK [2][-]{subsection.4.5.1}{\376\377\0004\000.\0005\000.\0001\000\040\000D\000e\000t\000a\000i\000l\000e\000d\000\040\000D\000e\000s\000c\000r\000i\000p\000t\000i\000o\000n}{section.4.5}% 104
