\BOOKMARK [0][-]{chapter.1}{\376\377\0001\000\040\000M\000o\000d\000u\000l\000e\000\040\000I\000n\000d\000e\000x}{}% 1
\BOOKMARK [1][-]{section.1.1}{\376\377\0001\000.\0001\000\040\000M\000o\000d\000u\000l\000e\000s}{chapter.1}% 2
\BOOKMARK [0][-]{chapter.2}{\376\377\0002\000\040\000F\000i\000l\000e\000\040\000I\000n\000d\000e\000x}{}% 3
\BOOKMARK [1][-]{section.2.1}{\376\377\0002\000.\0001\000\040\000F\000i\000l\000e\000\040\000L\000i\000s\000t}{chapter.2}% 4
\BOOKMARK [0][-]{chapter.3}{\376\377\0003\000\040\000M\000o\000d\000u\000l\000e\000\040\000D\000o\000c\000u\000m\000e\000n\000t\000a\000t\000i\000o\000n}{}% 5
\BOOKMARK [1][-]{section.3.1}{\376\377\0003\000.\0001\000\040\000B\000H\0001\0007\0005\0000}{chapter.3}% 6
\BOOKMARK [2][-]{subsection.3.1.1}{\376\377\0003\000.\0001\000.\0001\000\040\000D\000e\000t\000a\000i\000l\000e\000d\000\040\000D\000e\000s\000c\000r\000i\000p\000t\000i\000o\000n}{section.3.1}% 7
\BOOKMARK [2][-]{subsection.3.1.2}{\376\377\0003\000.\0001\000.\0002\000\040\000E\000n\000u\000m\000e\000r\000a\000t\000i\000o\000n\000\040\000T\000y\000p\000e\000\040\000D\000o\000c\000u\000m\000e\000n\000t\000a\000t\000i\000o\000n}{section.3.1}% 8
\BOOKMARK [3][-]{subsubsection.3.1.2.1}{\376\377\0003\000.\0001\000.\0002\000.\0001\000\040\000B\000H\0001\0007\0005\0000\000M\000e\000a\000s\000u\000r\000e\000m\000e\000n\000t\000T\000i\000m\000e\000E\000n\000u\000m}{subsection.3.1.2}% 9
\BOOKMARK [3][-]{subsubsection.3.1.2.2}{\376\377\0003\000.\0001\000.\0002\000.\0002\000\040\000B\000H\0001\0007\0005\0000\000M\000o\000d\000e\000E\000n\000u\000m}{subsection.3.1.2}% 10
\BOOKMARK [2][-]{subsection.3.1.3}{\376\377\0003\000.\0001\000.\0003\000\040\000F\000u\000n\000c\000t\000i\000o\000n\000\040\000D\000o\000c\000u\000m\000e\000n\000t\000a\000t\000i\000o\000n}{section.3.1}% 11
\BOOKMARK [3][-]{subsubsection.3.1.3.1}{\376\377\0003\000.\0001\000.\0003\000.\0001\000\040\000B\000H\0001\0007\0005\0000\000\137\000C\000o\000n\000f\000i\000g\000u\000r\000e\000M\000o\000d\000e\000\050\000\051}{subsection.3.1.3}% 12
\BOOKMARK [3][-]{subsubsection.3.1.3.2}{\376\377\0003\000.\0001\000.\0003\000.\0002\000\040\000B\000H\0001\0007\0005\0000\000\137\000G\000e\000t\000L\000i\000g\000h\000t\000\050\000\051}{subsection.3.1.3}% 13
\BOOKMARK [3][-]{subsubsection.3.1.3.3}{\376\377\0003\000.\0001\000.\0003\000.\0003\000\040\000B\000H\0001\0007\0005\0000\000\137\000I\000n\000i\000t\000\050\000\051}{subsection.3.1.3}% 14
\BOOKMARK [3][-]{subsubsection.3.1.3.4}{\376\377\0003\000.\0001\000.\0003\000.\0004\000\040\000B\000H\0001\0007\0005\0000\000\137\000R\000e\000a\000d\000y\000\050\000\051}{subsection.3.1.3}% 15
\BOOKMARK [3][-]{subsubsection.3.1.3.5}{\376\377\0003\000.\0001\000.\0003\000.\0005\000\040\000B\000H\0001\0007\0005\0000\000\137\000S\000e\000t\000M\000e\000a\000s\000u\000r\000e\000m\000e\000n\000t\000T\000i\000m\000e\000\050\000\051}{subsection.3.1.3}% 16
\BOOKMARK [1][-]{section.3.2}{\376\377\0003\000.\0002\000\040\000R\000o\000t\000a\000r\000y\000\040\000a\000n\000d\000\040\000p\000r\000e\000s\000s\000\040\000b\000u\000t\000t\000o\000n\000.}{chapter.3}% 17
\BOOKMARK [2][-]{subsection.3.2.1}{\376\377\0003\000.\0002\000.\0001\000\040\000D\000e\000t\000a\000i\000l\000e\000d\000\040\000D\000e\000s\000c\000r\000i\000p\000t\000i\000o\000n}{section.3.2}% 18
\BOOKMARK [2][-]{subsection.3.2.2}{\376\377\0003\000.\0002\000.\0002\000\040\000E\000n\000u\000m\000e\000r\000a\000t\000i\000o\000n\000\040\000T\000y\000p\000e\000\040\000D\000o\000c\000u\000m\000e\000n\000t\000a\000t\000i\000o\000n}{section.3.2}% 19
\BOOKMARK [3][-]{subsubsection.3.2.2.1}{\376\377\0003\000.\0002\000.\0002\000.\0001\000\040\000B\000u\000t\000t\000o\000n\000E\000n\000u\000m}{subsection.3.2.2}% 20
\BOOKMARK [2][-]{subsection.3.2.3}{\376\377\0003\000.\0002\000.\0003\000\040\000F\000u\000n\000c\000t\000i\000o\000n\000\040\000D\000o\000c\000u\000m\000e\000n\000t\000a\000t\000i\000o\000n}{section.3.2}% 21
\BOOKMARK [3][-]{subsubsection.3.2.3.1}{\376\377\0003\000.\0002\000.\0003\000.\0001\000\040\000E\000N\000C\000O\000D\000E\000R\000\137\000G\000e\000t\000B\000u\000t\000t\000o\000n\000\050\000\051}{subsection.3.2.3}% 22
\BOOKMARK [3][-]{subsubsection.3.2.3.2}{\376\377\0003\000.\0002\000.\0003\000.\0002\000\040\000E\000N\000C\000O\000D\000E\000R\000\137\000G\000e\000t\000V\000a\000l\000u\000e\000\050\000\051}{subsection.3.2.3}% 23
\BOOKMARK [3][-]{subsubsection.3.2.3.3}{\376\377\0003\000.\0002\000.\0003\000.\0003\000\040\000E\000N\000C\000O\000D\000E\000R\000\137\000I\000n\000i\000t\000\050\000\051}{subsection.3.2.3}% 24
\BOOKMARK [1][-]{section.3.3}{\376\377\0003\000.\0003\000\040\000E\000S\000P\0008\0002\0006\0006\000\040\000s\000e\000r\000i\000a\000l\000\040\000i\000n\000t\000e\000r\000f\000a\000c\000e}{chapter.3}% 25
\BOOKMARK [2][-]{subsection.3.3.1}{\376\377\0003\000.\0003\000.\0001\000\040\000D\000e\000t\000a\000i\000l\000e\000d\000\040\000D\000e\000s\000c\000r\000i\000p\000t\000i\000o\000n}{section.3.3}% 26
\BOOKMARK [2][-]{subsection.3.3.2}{\376\377\0003\000.\0003\000.\0002\000\040\000F\000u\000n\000c\000t\000i\000o\000n\000\040\000D\000o\000c\000u\000m\000e\000n\000t\000a\000t\000i\000o\000n}{section.3.3}% 27
\BOOKMARK [3][-]{subsubsection.3.3.2.1}{\376\377\0003\000.\0003\000.\0002\000.\0001\000\040\000E\000S\000P\000S\000E\000R\000I\000A\000L\000\137\000I\000n\000i\000t\000\050\000\051}{subsection.3.3.2}% 28
\BOOKMARK [3][-]{subsubsection.3.3.2.2}{\376\377\0003\000.\0003\000.\0002\000.\0002\000\040\000E\000S\000P\000S\000E\000R\000I\000A\000L\000\137\000R\000e\000c\000v\000\050\000\051}{subsection.3.3.2}% 29
\BOOKMARK [3][-]{subsubsection.3.3.2.3}{\376\377\0003\000.\0003\000.\0002\000.\0003\000\040\000E\000S\000P\000S\000E\000R\000I\000A\000L\000\137\000S\000e\000n\000d\000\050\000\051}{subsection.3.3.2}% 30
\BOOKMARK [1][-]{section.3.4}{\376\377\0003\000.\0004\000\040\000D\000r\000i\000v\000e\000r\000s}{chapter.3}% 31
\BOOKMARK [2][-]{subsection.3.4.1}{\376\377\0003\000.\0004\000.\0001\000\040\000D\000e\000t\000a\000i\000l\000e\000d\000\040\000D\000e\000s\000c\000r\000i\000p\000t\000i\000o\000n}{section.3.4}% 32
\BOOKMARK [1][-]{section.3.5}{\376\377\0003\000.\0005\000\040\000L\000i\000b\000r\000a\000r\000y\000\040\000i\000n\000f\000o\000r\000m\000a\000t\000i\000o\000n}{chapter.3}% 33
\BOOKMARK [2][-]{subsection.3.5.1}{\376\377\0003\000.\0005\000.\0001\000\040\000D\000e\000t\000a\000i\000l\000e\000d\000\040\000D\000e\000s\000c\000r\000i\000p\000t\000i\000o\000n}{section.3.5}% 34
\BOOKMARK [2][-]{subsection.3.5.2}{\376\377\0003\000.\0005\000.\0002\000\040\000F\000u\000n\000c\000t\000i\000o\000n\000\040\000D\000o\000c\000u\000m\000e\000n\000t\000a\000t\000i\000o\000n}{section.3.5}% 35
\BOOKMARK [3][-]{subsubsection.3.5.2.1}{\376\377\0003\000.\0005\000.\0002\000.\0001\000\040\000I\000N\000F\000O\000\137\000G\000e\000t\000V\000e\000r\000s\000i\000o\000n\000\050\000\051}{subsection.3.5.2}% 36
\BOOKMARK [1][-]{section.3.6}{\376\377\0003\000.\0006\000\040\000T\000e\000x\000t\000\040\000L\000C\000D}{chapter.3}% 37
\BOOKMARK [2][-]{subsection.3.6.1}{\376\377\0003\000.\0006\000.\0001\000\040\000D\000e\000t\000a\000i\000l\000e\000d\000\040\000D\000e\000s\000c\000r\000i\000p\000t\000i\000o\000n}{section.3.6}% 38
\BOOKMARK [2][-]{subsection.3.6.2}{\376\377\0003\000.\0006\000.\0002\000\040\000M\000a\000c\000r\000o\000\040\000D\000e\000f\000i\000n\000i\000t\000i\000o\000n\000\040\000D\000o\000c\000u\000m\000e\000n\000t\000a\000t\000i\000o\000n}{section.3.6}% 39
\BOOKMARK [3][-]{subsubsection.3.6.2.1}{\376\377\0003\000.\0006\000.\0002\000.\0001\000\040\000L\000C\000D\000T\000e\000x\000t\000\137\000C\000O\000L\000U\000M\000N\000S}{subsection.3.6.2}% 40
\BOOKMARK [3][-]{subsubsection.3.6.2.2}{\376\377\0003\000.\0006\000.\0002\000.\0002\000\040\000L\000C\000D\000T\000e\000x\000t\000\137\000L\000I\000N\000E\000S}{subsection.3.6.2}% 41
\BOOKMARK [2][-]{subsection.3.6.3}{\376\377\0003\000.\0006\000.\0003\000\040\000F\000u\000n\000c\000t\000i\000o\000n\000\040\000D\000o\000c\000u\000m\000e\000n\000t\000a\000t\000i\000o\000n}{section.3.6}% 42
\BOOKMARK [3][-]{subsubsection.3.6.3.1}{\376\377\0003\000.\0006\000.\0003\000.\0001\000\040\000L\000C\000D\000T\000e\000x\000t\000\137\000C\000l\000e\000a\000r\000\050\000\051}{subsection.3.6.3}% 43
\BOOKMARK [3][-]{subsubsection.3.6.3.2}{\376\377\0003\000.\0006\000.\0003\000.\0002\000\040\000L\000C\000D\000T\000e\000x\000t\000\137\000C\000r\000e\000a\000t\000e\000C\000h\000a\000r\000\050\000\051}{subsection.3.6.3}% 44
\BOOKMARK [3][-]{subsubsection.3.6.3.3}{\376\377\0003\000.\0006\000.\0003\000.\0003\000\040\000L\000C\000D\000T\000e\000x\000t\000\137\000C\000u\000r\000s\000o\000r\000O\000f\000f\000\050\000\051}{subsection.3.6.3}% 45
\BOOKMARK [3][-]{subsubsection.3.6.3.4}{\376\377\0003\000.\0006\000.\0003\000.\0004\000\040\000L\000C\000D\000T\000e\000x\000t\000\137\000C\000u\000r\000s\000o\000r\000O\000n\000\050\000\051}{subsection.3.6.3}% 46
\BOOKMARK [3][-]{subsubsection.3.6.3.5}{\376\377\0003\000.\0006\000.\0003\000.\0005\000\040\000L\000C\000D\000T\000e\000x\000t\000\137\000I\000n\000i\000t\000\050\000\051}{subsection.3.6.3}% 47
\BOOKMARK [3][-]{subsubsection.3.6.3.6}{\376\377\0003\000.\0006\000.\0003\000.\0006\000\040\000L\000C\000D\000T\000e\000x\000t\000\137\000L\000o\000c\000a\000t\000e\000\050\000\051}{subsection.3.6.3}% 48
\BOOKMARK [3][-]{subsubsection.3.6.3.7}{\376\377\0003\000.\0006\000.\0003\000.\0007\000\040\000L\000C\000D\000T\000e\000x\000t\000\137\000O\000f\000f\000\050\000\051}{subsection.3.6.3}% 49
\BOOKMARK [3][-]{subsubsection.3.6.3.8}{\376\377\0003\000.\0006\000.\0003\000.\0008\000\040\000L\000C\000D\000T\000e\000x\000t\000\137\000O\000n\000\050\000\051}{subsection.3.6.3}% 50
\BOOKMARK [3][-]{subsubsection.3.6.3.9}{\376\377\0003\000.\0006\000.\0003\000.\0009\000\040\000L\000C\000D\000T\000e\000x\000t\000\137\000P\000r\000i\000n\000t\000f\000\050\000\051}{subsection.3.6.3}% 51
\BOOKMARK [3][-]{subsubsection.3.6.3.10}{\376\377\0003\000.\0006\000.\0003\000.\0001\0000\000\040\000L\000C\000D\000T\000e\000x\000t\000\137\000W\000r\000i\000t\000e\000C\000h\000a\000r\000\050\000\051}{subsection.3.6.3}% 52
\BOOKMARK [3][-]{subsubsection.3.6.3.11}{\376\377\0003\000.\0006\000.\0003\000.\0001\0001\000\040\000L\000C\000D\000T\000e\000x\000t\000\137\000W\000r\000i\000t\000e\000L\000i\000n\000e\000\050\000\051}{subsection.3.6.3}% 53
\BOOKMARK [3][-]{subsubsection.3.6.3.12}{\376\377\0003\000.\0006\000.\0003\000.\0001\0002\000\040\000L\000C\000D\000T\000e\000x\000t\000\137\000W\000r\000i\000t\000e\000S\000t\000r\000i\000n\000g\000\050\000\051}{subsection.3.6.3}% 54
\BOOKMARK [1][-]{section.3.7}{\376\377\0003\000.\0007\000\040\000L\000E\000D}{chapter.3}% 55
\BOOKMARK [2][-]{subsection.3.7.1}{\376\377\0003\000.\0007\000.\0001\000\040\000D\000e\000t\000a\000i\000l\000e\000d\000\040\000D\000e\000s\000c\000r\000i\000p\000t\000i\000o\000n}{section.3.7}% 56
\BOOKMARK [2][-]{subsection.3.7.2}{\376\377\0003\000.\0007\000.\0002\000\040\000F\000u\000n\000c\000t\000i\000o\000n\000\040\000D\000o\000c\000u\000m\000e\000n\000t\000a\000t\000i\000o\000n}{section.3.7}% 57
\BOOKMARK [3][-]{subsubsection.3.7.2.1}{\376\377\0003\000.\0007\000.\0002\000.\0001\000\040\000L\000E\000D\000\137\000G\000e\000t\000S\000t\000a\000t\000e\000\050\000\051}{subsection.3.7.2}% 58
\BOOKMARK [3][-]{subsubsection.3.7.2.2}{\376\377\0003\000.\0007\000.\0002\000.\0002\000\040\000L\000E\000D\000\137\000I\000n\000i\000t\000\050\000\051}{subsection.3.7.2}% 59
\BOOKMARK [3][-]{subsubsection.3.7.2.3}{\376\377\0003\000.\0007\000.\0002\000.\0003\000\040\000L\000E\000D\000\137\000O\000f\000f\000\050\000\051}{subsection.3.7.2}% 60
\BOOKMARK [3][-]{subsubsection.3.7.2.4}{\376\377\0003\000.\0007\000.\0002\000.\0004\000\040\000L\000E\000D\000\137\000O\000n\000\050\000\051}{subsection.3.7.2}% 61
\BOOKMARK [3][-]{subsubsection.3.7.2.5}{\376\377\0003\000.\0007\000.\0002\000.\0005\000\040\000L\000E\000D\000\137\000T\000o\000g\000g\000l\000e\000\050\000\051}{subsection.3.7.2}% 62
\BOOKMARK [1][-]{section.3.8}{\376\377\0003\000.\0008\000\040\000P\000r\000e\000s\000e\000n\000c\000e\000\040\000d\000e\000t\000e\000c\000t\000\040\000s\000e\000n\000s\000o\000r\000.}{chapter.3}% 63
\BOOKMARK [2][-]{subsection.3.8.1}{\376\377\0003\000.\0008\000.\0001\000\040\000D\000e\000t\000a\000i\000l\000e\000d\000\040\000D\000e\000s\000c\000r\000i\000p\000t\000i\000o\000n}{section.3.8}% 64
\BOOKMARK [2][-]{subsection.3.8.2}{\376\377\0003\000.\0008\000.\0002\000\040\000F\000u\000n\000c\000t\000i\000o\000n\000\040\000D\000o\000c\000u\000m\000e\000n\000t\000a\000t\000i\000o\000n}{section.3.8}% 65
\BOOKMARK [3][-]{subsubsection.3.8.2.1}{\376\377\0003\000.\0008\000.\0002\000.\0001\000\040\000P\000I\000R\000\137\000G\000e\000t\000V\000a\000l\000u\000e\000\050\000\051}{subsection.3.8.2}% 66
\BOOKMARK [3][-]{subsubsection.3.8.2.2}{\376\377\0003\000.\0008\000.\0002\000.\0002\000\040\000P\000I\000R\000\137\000I\000n\000i\000t\000\050\000\051}{subsection.3.8.2}% 67
\BOOKMARK [1][-]{section.3.9}{\376\377\0003\000.\0009\000\040\000R\000e\000a\000l\000\040\000T\000i\000m\000e\000\040\000C\000l\000o\000c\000k}{chapter.3}% 68
\BOOKMARK [2][-]{subsection.3.9.1}{\376\377\0003\000.\0009\000.\0001\000\040\000D\000e\000t\000a\000i\000l\000e\000d\000\040\000D\000e\000s\000c\000r\000i\000p\000t\000i\000o\000n}{section.3.9}% 69
\BOOKMARK [2][-]{subsection.3.9.2}{\376\377\0003\000.\0009\000.\0002\000\040\000F\000u\000n\000c\000t\000i\000o\000n\000\040\000D\000o\000c\000u\000m\000e\000n\000t\000a\000t\000i\000o\000n}{section.3.9}% 70
\BOOKMARK [3][-]{subsubsection.3.9.2.1}{\376\377\0003\000.\0009\000.\0002\000.\0001\000\040\000R\000T\000C\000\137\000G\000e\000t\000S\000e\000c\000o\000n\000d\000s\000\050\000\051}{subsection.3.9.2}% 71
\BOOKMARK [3][-]{subsubsection.3.9.2.2}{\376\377\0003\000.\0009\000.\0002\000.\0002\000\040\000R\000T\000C\000\137\000G\000e\000t\000V\000a\000l\000u\000e\000\050\000\051}{subsection.3.9.2}% 72
\BOOKMARK [3][-]{subsubsection.3.9.2.3}{\376\377\0003\000.\0009\000.\0002\000.\0003\000\040\000R\000T\000C\000\137\000I\000n\000i\000t\000\050\000\051}{subsection.3.9.2}% 73
\BOOKMARK [3][-]{subsubsection.3.9.2.4}{\376\377\0003\000.\0009\000.\0002\000.\0004\000\040\000R\000T\000C\000\137\000I\000n\000i\000t\000S\000e\000c\000o\000n\000d\000s\000\050\000\051}{subsection.3.9.2}% 74
\BOOKMARK [3][-]{subsubsection.3.9.2.5}{\376\377\0003\000.\0009\000.\0002\000.\0005\000\040\000R\000T\000C\000\137\000S\000e\000t\000S\000e\000c\000o\000n\000d\000s\000\050\000\051}{subsection.3.9.2}% 75
\BOOKMARK [3][-]{subsubsection.3.9.2.6}{\376\377\0003\000.\0009\000.\0002\000.\0006\000\040\000R\000T\000C\000\137\000S\000e\000t\000V\000a\000l\000u\000e\000\050\000\051}{subsection.3.9.2}% 76
\BOOKMARK [0][-]{chapter.4}{\376\377\0004\000\040\000F\000i\000l\000e\000\040\000D\000o\000c\000u\000m\000e\000n\000t\000a\000t\000i\000o\000n}{}% 77
\BOOKMARK [1][-]{section.4.1}{\376\377\0004\000.\0001\000\040\000C\000:\000/\000U\000s\000e\000r\000s\000/\000a\000l\000e\000x\000t\000/\000D\000e\000s\000k\000t\000o\000p\000/\000S\000E\000/\000W\000o\000r\000k\000s\000p\000a\000c\000e\000/\000D\000R\000I\000V\000E\000R\000S\000/\000i\000n\000c\000/\000b\000h\0001\0007\0005\0000\000.\000h\000\040\000F\000i\000l\000e\000\040\000R\000e\000f\000e\000r\000e\000n\000c\000e}{chapter.4}% 78
\BOOKMARK [2][-]{subsection.4.1.1}{\376\377\0004\000.\0001\000.\0001\000\040\000D\000e\000t\000a\000i\000l\000e\000d\000\040\000D\000e\000s\000c\000r\000i\000p\000t\000i\000o\000n}{section.4.1}% 79
\BOOKMARK [1][-]{section.4.2}{\376\377\0004\000.\0002\000\040\000C\000:\000/\000U\000s\000e\000r\000s\000/\000a\000l\000e\000x\000t\000/\000D\000e\000s\000k\000t\000o\000p\000/\000S\000E\000/\000W\000o\000r\000k\000s\000p\000a\000c\000e\000/\000D\000R\000I\000V\000E\000R\000S\000/\000i\000n\000c\000/\000e\000n\000c\000o\000d\000e\000r\000.\000h\000\040\000F\000i\000l\000e\000\040\000R\000e\000f\000e\000r\000e\000n\000c\000e}{chapter.4}% 80
\BOOKMARK [2][-]{subsection.4.2.1}{\376\377\0004\000.\0002\000.\0001\000\040\000D\000e\000t\000a\000i\000l\000e\000d\000\040\000D\000e\000s\000c\000r\000i\000p\000t\000i\000o\000n}{section.4.2}% 81
\BOOKMARK [1][-]{section.4.3}{\376\377\0004\000.\0003\000\040\000C\000:\000/\000U\000s\000e\000r\000s\000/\000a\000l\000e\000x\000t\000/\000D\000e\000s\000k\000t\000o\000p\000/\000S\000E\000/\000W\000o\000r\000k\000s\000p\000a\000c\000e\000/\000D\000R\000I\000V\000E\000R\000S\000/\000i\000n\000c\000/\000e\000s\000p\000s\000e\000r\000i\000a\000l\000.\000h\000\040\000F\000i\000l\000e\000\040\000R\000e\000f\000e\000r\000e\000n\000c\000e}{chapter.4}% 82
\BOOKMARK [2][-]{subsection.4.3.1}{\376\377\0004\000.\0003\000.\0001\000\040\000D\000e\000t\000a\000i\000l\000e\000d\000\040\000D\000e\000s\000c\000r\000i\000p\000t\000i\000o\000n}{section.4.3}% 83
\BOOKMARK [1][-]{section.4.4}{\376\377\0004\000.\0004\000\040\000C\000:\000/\000U\000s\000e\000r\000s\000/\000a\000l\000e\000x\000t\000/\000D\000e\000s\000k\000t\000o\000p\000/\000S\000E\000/\000W\000o\000r\000k\000s\000p\000a\000c\000e\000/\000D\000R\000I\000V\000E\000R\000S\000/\000i\000n\000c\000/\000i\000n\000f\000o\000.\000h\000\040\000F\000i\000l\000e\000\040\000R\000e\000f\000e\000r\000e\000n\000c\000e}{chapter.4}% 84
\BOOKMARK [2][-]{subsection.4.4.1}{\376\377\0004\000.\0004\000.\0001\000\040\000D\000e\000t\000a\000i\000l\000e\000d\000\040\000D\000e\000s\000c\000r\000i\000p\000t\000i\000o\000n}{section.4.4}% 85
\BOOKMARK [1][-]{section.4.5}{\376\377\0004\000.\0005\000\040\000C\000:\000/\000U\000s\000e\000r\000s\000/\000a\000l\000e\000x\000t\000/\000D\000e\000s\000k\000t\000o\000p\000/\000S\000E\000/\000W\000o\000r\000k\000s\000p\000a\000c\000e\000/\000D\000R\000I\000V\000E\000R\000S\000/\000i\000n\000c\000/\000l\000c\000d\000t\000e\000x\000t\000.\000h\000\040\000F\000i\000l\000e\000\040\000R\000e\000f\000e\000r\000e\000n\000c\000e}{chapter.4}% 86
\BOOKMARK [2][-]{subsection.4.5.1}{\376\377\0004\000.\0005\000.\0001\000\040\000D\000e\000t\000a\000i\000l\000e\000d\000\040\000D\000e\000s\000c\000r\000i\000p\000t\000i\000o\000n}{section.4.5}% 87
\BOOKMARK [1][-]{section.4.6}{\376\377\0004\000.\0006\000\040\000C\000:\000/\000U\000s\000e\000r\000s\000/\000a\000l\000e\000x\000t\000/\000D\000e\000s\000k\000t\000o\000p\000/\000S\000E\000/\000W\000o\000r\000k\000s\000p\000a\000c\000e\000/\000D\000R\000I\000V\000E\000R\000S\000/\000i\000n\000c\000/\000l\000e\000d\000.\000h\000\040\000F\000i\000l\000e\000\040\000R\000e\000f\000e\000r\000e\000n\000c\000e}{chapter.4}% 88
\BOOKMARK [2][-]{subsection.4.6.1}{\376\377\0004\000.\0006\000.\0001\000\040\000D\000e\000t\000a\000i\000l\000e\000d\000\040\000D\000e\000s\000c\000r\000i\000p\000t\000i\000o\000n}{section.4.6}% 89
\BOOKMARK [1][-]{section.4.7}{\376\377\0004\000.\0007\000\040\000C\000:\000/\000U\000s\000e\000r\000s\000/\000a\000l\000e\000x\000t\000/\000D\000e\000s\000k\000t\000o\000p\000/\000S\000E\000/\000W\000o\000r\000k\000s\000p\000a\000c\000e\000/\000D\000R\000I\000V\000E\000R\000S\000/\000i\000n\000c\000/\000p\000i\000r\000.\000h\000\040\000F\000i\000l\000e\000\040\000R\000e\000f\000e\000r\000e\000n\000c\000e}{chapter.4}% 90
\BOOKMARK [2][-]{subsection.4.7.1}{\376\377\0004\000.\0007\000.\0001\000\040\000D\000e\000t\000a\000i\000l\000e\000d\000\040\000D\000e\000s\000c\000r\000i\000p\000t\000i\000o\000n}{section.4.7}% 91
\BOOKMARK [1][-]{section.4.8}{\376\377\0004\000.\0008\000\040\000C\000:\000/\000U\000s\000e\000r\000s\000/\000a\000l\000e\000x\000t\000/\000D\000e\000s\000k\000t\000o\000p\000/\000S\000E\000/\000W\000o\000r\000k\000s\000p\000a\000c\000e\000/\000D\000R\000I\000V\000E\000R\000S\000/\000i\000n\000c\000/\000r\000t\000c\000.\000h\000\040\000F\000i\000l\000e\000\040\000R\000e\000f\000e\000r\000e\000n\000c\000e}{chapter.4}% 92
\BOOKMARK [2][-]{subsection.4.8.1}{\376\377\0004\000.\0008\000.\0001\000\040\000D\000e\000t\000a\000i\000l\000e\000d\000\040\000D\000e\000s\000c\000r\000i\000p\000t\000i\000o\000n}{section.4.8}% 93
