\BOOKMARK [0][-]{chapter.1}{\376\377\0001\000\040\000M\000o\000d\000u\000l\000e\000\040\000I\000n\000d\000e\000x}{}% 1
\BOOKMARK [1][-]{section.1.1}{\376\377\0001\000.\0001\000\040\000M\000o\000d\000u\000l\000e\000s}{chapter.1}% 2
\BOOKMARK [0][-]{chapter.2}{\376\377\0002\000\040\000F\000i\000l\000e\000\040\000I\000n\000d\000e\000x}{}% 3
\BOOKMARK [1][-]{section.2.1}{\376\377\0002\000.\0001\000\040\000F\000i\000l\000e\000\040\000L\000i\000s\000t}{chapter.2}% 4
\BOOKMARK [0][-]{chapter.3}{\376\377\0003\000\040\000M\000o\000d\000u\000l\000e\000\040\000D\000o\000c\000u\000m\000e\000n\000t\000a\000t\000i\000o\000n}{}% 5
\BOOKMARK [1][-]{section.3.1}{\376\377\0003\000.\0001\000\040\000M\000a\000i\000n\000\040\000a\000p\000p\000l\000i\000c\000a\000t\000i\000o\000n\000\040\000f\000u\000n\000c\000t\000i\000o\000n\000s\000.}{chapter.3}% 6
\BOOKMARK [2][-]{subsection.3.1.1}{\376\377\0003\000.\0001\000.\0001\000\040\000D\000e\000t\000a\000i\000l\000e\000d\000\040\000D\000e\000s\000c\000r\000i\000p\000t\000i\000o\000n}{section.3.1}% 7
\BOOKMARK [2][-]{subsection.3.1.2}{\376\377\0003\000.\0001\000.\0002\000\040\000M\000a\000c\000r\000o\000\040\000D\000e\000f\000i\000n\000i\000t\000i\000o\000n\000\040\000D\000o\000c\000u\000m\000e\000n\000t\000a\000t\000i\000o\000n}{section.3.1}% 8
\BOOKMARK [3][-]{subsubsection.3.1.2.1}{\376\377\0003\000.\0001\000.\0002\000.\0001\000\040\000D\000E\000F\000A\000U\000L\000T\000\137\000C\000O\000N\000N\000E\000C\000T\000I\000O\000N\000\137\000K\000E\000E\000P\000A\000L\000I\000V\000E\000\137\000S}{subsection.3.1.2}% 9
\BOOKMARK [3][-]{subsubsection.3.1.2.2}{\376\377\0003\000.\0001\000.\0002\000.\0002\000\040\000D\000E\000F\000A\000U\000L\000T\000\137\000M\000Q\000T\000T\000\137\000A\000D\000D\000R\000E\000S\000S}{subsection.3.1.2}% 10
\BOOKMARK [3][-]{subsubsection.3.1.2.3}{\376\377\0003\000.\0001\000.\0002\000.\0003\000\040\000D\000E\000F\000A\000U\000L\000T\000\137\000M\000Q\000T\000T\000\137\000D\000E\000V\000I\000C\000E\000\137\000T\000O\000K\000E\000N}{subsection.3.1.2}% 11
\BOOKMARK [3][-]{subsubsection.3.1.2.4}{\376\377\0003\000.\0001\000.\0002\000.\0004\000\040\000D\000E\000F\000A\000U\000L\000T\000\137\000M\000Q\000T\000T\000\137\000P\000O\000R\000T}{subsection.3.1.2}% 12
\BOOKMARK [3][-]{subsubsection.3.1.2.5}{\376\377\0003\000.\0001\000.\0002\000.\0005\000\040\000D\000E\000F\000A\000U\000L\000T\000\137\000P\000A\000S\000S}{subsection.3.1.2}% 13
\BOOKMARK [3][-]{subsubsection.3.1.2.6}{\376\377\0003\000.\0001\000.\0002\000.\0006\000\040\000D\000E\000F\000A\000U\000L\000T\000\137\000S\000S\000I\000D}{subsection.3.1.2}% 14
\BOOKMARK [3][-]{subsubsection.3.1.2.7}{\376\377\0003\000.\0001\000.\0002\000.\0007\000\040\000D\000E\000F\000A\000U\000L\000T\000\137\000W\000I\000F\000I\000\137\000C\000O\000N\000N\000E\000C\000T}{subsection.3.1.2}% 15
\BOOKMARK [3][-]{subsubsection.3.1.2.8}{\376\377\0003\000.\0001\000.\0002\000.\0008\000\040\000M\000Q\000T\000T\000\137\000P\000U\000B\000L\000I\000S\000H\000\137\000I\000N\000T\000E\000R\000V\000A\000L\000\137\000S}{subsection.3.1.2}% 16
\BOOKMARK [2][-]{subsection.3.1.3}{\376\377\0003\000.\0001\000.\0003\000\040\000F\000u\000n\000c\000t\000i\000o\000n\000\040\000D\000o\000c\000u\000m\000e\000n\000t\000a\000t\000i\000o\000n}{section.3.1}% 17
\BOOKMARK [3][-]{subsubsection.3.1.3.1}{\376\377\0003\000.\0001\000.\0003\000.\0001\000\040\000A\000P\000P\000L\000I\000C\000A\000T\000I\000O\000N\000\137\000I\000n\000i\000t\000\050\000\051}{subsection.3.1.3}% 18
\BOOKMARK [3][-]{subsubsection.3.1.3.2}{\376\377\0003\000.\0001\000.\0003\000.\0002\000\040\000a\000p\000p\000M\000E\000N\000U\000\137\000M\000a\000i\000n\000t\000e\000n\000a\000n\000c\000e\000M\000o\000d\000e\000\050\000\051}{subsection.3.1.3}% 19
\BOOKMARK [3][-]{subsubsection.3.1.3.3}{\376\377\0003\000.\0001\000.\0003\000.\0003\000\040\000a\000p\000p\000M\000E\000N\000U\000\137\000N\000o\000r\000m\000a\000l\000A\000f\000f\000i\000x\000H\000a\000n\000d\000l\000e\000r\000\050\000\051}{subsection.3.1.3}% 20
\BOOKMARK [3][-]{subsubsection.3.1.3.4}{\376\377\0003\000.\0001\000.\0003\000.\0004\000\040\000a\000p\000p\000M\000E\000N\000U\000\137\000N\000o\000r\000m\000a\000l\000M\000a\000n\000a\000g\000e\000L\000i\000g\000h\000t\000I\000S\000R\000\050\000\051}{subsection.3.1.3}% 21
\BOOKMARK [3][-]{subsubsection.3.1.3.5}{\376\377\0003\000.\0001\000.\0003\000.\0005\000\040\000a\000p\000p\000M\000E\000N\000U\000\137\000N\000o\000r\000m\000a\000l\000M\000o\000d\000e\000\050\000\051}{subsection.3.1.3}% 22
\BOOKMARK [3][-]{subsubsection.3.1.3.6}{\376\377\0003\000.\0001\000.\0003\000.\0006\000\040\000a\000p\000p\000M\000E\000N\000U\000\137\000N\000o\000r\000m\000a\000l\000P\000u\000b\000l\000i\000s\000h\000I\000S\000R\000\050\000\051}{subsection.3.1.3}% 23
\BOOKMARK [3][-]{subsubsection.3.1.3.7}{\376\377\0003\000.\0001\000.\0003\000.\0007\000\040\000N\000E\000T\000W\000O\000R\000K\000\137\000I\000n\000i\000t\000\050\000\051}{subsection.3.1.3}% 24
\BOOKMARK [3][-]{subsubsection.3.1.3.8}{\376\377\0003\000.\0001\000.\0003\000.\0008\000\040\000R\000T\000O\000S\000\137\000I\000n\000i\000t\000\050\000\051}{subsection.3.1.3}% 25
\BOOKMARK [1][-]{section.3.2}{\376\377\0003\000.\0002\000\040\000M\000e\000n\000u\000s\000\040\000t\000o\000\040\000b\000e\000\040\000i\000n\000t\000e\000r\000f\000a\000c\000e\000d\000\040\000i\000n\000\040\000t\000h\000e\000\040\000a\000p\000p\000l\000i\000c\000a\000t\000i\000o\000n\000.}{chapter.3}% 26
\BOOKMARK [2][-]{subsection.3.2.1}{\376\377\0003\000.\0002\000.\0001\000\040\000D\000e\000t\000a\000i\000l\000e\000d\000\040\000D\000e\000s\000c\000r\000i\000p\000t\000i\000o\000n}{section.3.2}% 27
\BOOKMARK [2][-]{subsection.3.2.2}{\376\377\0003\000.\0002\000.\0002\000\040\000M\000a\000c\000r\000o\000\040\000D\000e\000f\000i\000n\000i\000t\000i\000o\000n\000\040\000D\000o\000c\000u\000m\000e\000n\000t\000a\000t\000i\000o\000n}{section.3.2}% 28
\BOOKMARK [3][-]{subsubsection.3.2.2.1}{\376\377\0003\000.\0002\000.\0002\000.\0001\000\040\000D\000E\000F\000A\000U\000L\000T\000\137\000U\000T\000C\000\137\000A\000D\000J\000U\000S\000T}{subsection.3.2.2}% 29
\BOOKMARK [3][-]{subsubsection.3.2.2.2}{\376\377\0003\000.\0002\000.\0002\000.\0002\000\040\000M\000A\000X\000\137\000A\000P\000\137\000S\000C\000A\000N}{subsection.3.2.2}% 30
\BOOKMARK [2][-]{subsection.3.2.3}{\376\377\0003\000.\0002\000.\0003\000\040\000F\000u\000n\000c\000t\000i\000o\000n\000\040\000D\000o\000c\000u\000m\000e\000n\000t\000a\000t\000i\000o\000n}{section.3.2}% 31
\BOOKMARK [3][-]{subsubsection.3.2.3.1}{\376\377\0003\000.\0002\000.\0003\000.\0001\000\040\000a\000p\000p\000M\000A\000I\000N\000T\000E\000N\000A\000N\000C\000E\000\137\000S\000e\000t\000D\000a\000t\000e\000H\000a\000n\000d\000l\000e\000r\000\050\000\051}{subsection.3.2.3}% 32
\BOOKMARK [3][-]{subsubsection.3.2.3.2}{\376\377\0003\000.\0002\000.\0003\000.\0002\000\040\000a\000p\000p\000M\000A\000I\000N\000T\000E\000N\000A\000N\000C\000E\000\137\000S\000e\000t\000L\000i\000g\000h\000t\000H\000a\000n\000d\000l\000e\000r\000\050\000\051}{subsection.3.2.3}% 33
\BOOKMARK [3][-]{subsubsection.3.2.3.3}{\376\377\0003\000.\0002\000.\0003\000.\0003\000\040\000a\000p\000p\000M\000A\000I\000N\000T\000E\000N\000A\000N\000C\000E\000\137\000S\000e\000t\000M\000Q\000T\000T\000H\000a\000n\000d\000l\000e\000r\000\050\000\051}{subsection.3.2.3}% 34
\BOOKMARK [3][-]{subsubsection.3.2.3.4}{\376\377\0003\000.\0002\000.\0003\000.\0004\000\040\000a\000p\000p\000M\000A\000I\000N\000T\000E\000N\000A\000N\000C\000E\000\137\000S\000e\000t\000T\000i\000m\000e\000H\000a\000n\000d\000l\000e\000r\000\050\000\051}{subsection.3.2.3}% 35
\BOOKMARK [3][-]{subsubsection.3.2.3.5}{\376\377\0003\000.\0002\000.\0003\000.\0005\000\040\000a\000p\000p\000M\000A\000I\000N\000T\000E\000N\000A\000N\000C\000E\000\137\000S\000e\000t\000W\000i\000f\000i\000H\000a\000n\000d\000l\000e\000r\000\050\000\051}{subsection.3.2.3}% 36
\BOOKMARK [3][-]{subsubsection.3.2.3.6}{\376\377\0003\000.\0002\000.\0003\000.\0006\000\040\000a\000p\000p\000M\000A\000I\000N\000T\000E\000N\000A\000N\000C\000E\000\137\000S\000y\000n\000c\000T\000i\000m\000e\000H\000a\000n\000d\000l\000e\000r\000\050\000\051}{subsection.3.2.3}% 37
\BOOKMARK [3][-]{subsubsection.3.2.3.7}{\376\377\0003\000.\0002\000.\0003\000.\0007\000\040\000a\000p\000p\000M\000E\000N\000U\000\137\000G\000e\000t\000W\000e\000e\000k\000D\000a\000y\000\050\000\051}{subsection.3.2.3}% 38
\BOOKMARK [1][-]{section.3.3}{\376\377\0003\000.\0003\000\040\000F\000r\000e\000e\000R\000T\000O\000S\000-\000A\000p\000p\000l\000i\000c\000a\000t\000i\000o\000n}{chapter.3}% 39
\BOOKMARK [2][-]{subsection.3.3.1}{\376\377\0003\000.\0003\000.\0001\000\040\000D\000e\000t\000a\000i\000l\000e\000d\000\040\000D\000e\000s\000c\000r\000i\000p\000t\000i\000o\000n}{section.3.3}% 40
\BOOKMARK [0][-]{chapter.4}{\376\377\0004\000\040\000F\000i\000l\000e\000\040\000D\000o\000c\000u\000m\000e\000n\000t\000a\000t\000i\000o\000n}{}% 41
\BOOKMARK [1][-]{section.4.1}{\376\377\0004\000.\0001\000\040\000C\000:\000/\000U\000s\000e\000r\000s\000/\000a\000l\000e\000x\000t\000/\000D\000e\000s\000k\000t\000o\000p\000/\000S\000E\000/\000W\000o\000r\000k\000s\000p\000a\000c\000e\000/\000F\000r\000e\000e\000R\000T\000O\000S\000-\000T\000e\000m\000p\000l\000a\000t\000e\000/\000i\000n\000c\000/\000m\000a\000i\000n\000.\000h\000\040\000F\000i\000l\000e\000\040\000R\000e\000f\000e\000r\000e\000n\000c\000e}{chapter.4}% 42
\BOOKMARK [2][-]{subsection.4.1.1}{\376\377\0004\000.\0001\000.\0001\000\040\000D\000e\000t\000a\000i\000l\000e\000d\000\040\000D\000e\000s\000c\000r\000i\000p\000t\000i\000o\000n}{section.4.1}% 43
\BOOKMARK [1][-]{section.4.2}{\376\377\0004\000.\0002\000\040\000C\000:\000/\000U\000s\000e\000r\000s\000/\000a\000l\000e\000x\000t\000/\000D\000e\000s\000k\000t\000o\000p\000/\000S\000E\000/\000W\000o\000r\000k\000s\000p\000a\000c\000e\000/\000F\000r\000e\000e\000R\000T\000O\000S\000-\000T\000e\000m\000p\000l\000a\000t\000e\000/\000i\000n\000c\000/\000m\000e\000n\000u\000s\000.\000h\000\040\000F\000i\000l\000e\000\040\000R\000e\000f\000e\000r\000e\000n\000c\000e}{chapter.4}% 44
\BOOKMARK [2][-]{subsection.4.2.1}{\376\377\0004\000.\0002\000.\0001\000\040\000D\000e\000t\000a\000i\000l\000e\000d\000\040\000D\000e\000s\000c\000r\000i\000p\000t\000i\000o\000n}{section.4.2}% 45
