This is pdfTeX, Version 3.141592653-2.6-1.40.24 (MiKTeX 22.10) (preloaded format=pdflatex 2023.2.16)  9 JUL 2023 22:32
entering extended mode
 restricted \write18 enabled.
 %&-line parsing enabled.
**./files.tex
(files.tex
LaTeX2e <2022-06-01> patch level 5
L3 programming layer <2022-09-28>
! Undefined control sequence.
l.1 \doxysection
                {File List}
The control sequence at the end of the top line
of your error message was never \def'ed. If you have
misspelled it (e.g., `\hobx'), type `I' and the correct
spelling (e.g., `I\hbox'). Otherwise just continue,
and I'll forget about whatever was undefined.


! LaTeX Error: Missing \begin{document}.

See the LaTeX manual or LaTeX Companion for explanation.
Type  H <return>  for immediate help.
 ...                                              
                                                  
l.1 \doxysection{F
                  ile List}
You're in trouble here.  Try typing  <return>  to proceed.
If that doesn't work, type  X <return>  to quit.

Missing character: There is no F in font nullfont!
Missing character: There is no i in font nullfont!
Missing character: There is no l in font nullfont!
Missing character: There is no e in font nullfont!
Missing character: There is no L in font nullfont!
Missing character: There is no i in font nullfont!
Missing character: There is no s in font nullfont!
Missing character: There is no t in font nullfont!
Missing character: There is no H in font nullfont!
Missing character: There is no e in font nullfont!
Missing character: There is no r in font nullfont!
Missing character: There is no e in font nullfont!
Missing character: There is no i in font nullfont!
Missing character: There is no s in font nullfont!
Missing character: There is no a in font nullfont!
Missing character: There is no l in font nullfont!
Missing character: There is no i in font nullfont!
Missing character: There is no s in font nullfont!
Missing character: There is no t in font nullfont!
Missing character: There is no o in font nullfont!
Missing character: There is no f in font nullfont!
Missing character: There is no a in font nullfont!
Missing character: There is no l in font nullfont!
Missing character: There is no l in font nullfont!
Missing character: There is no d in font nullfont!
Missing character: There is no o in font nullfont!
Missing character: There is no c in font nullfont!
Missing character: There is no u in font nullfont!
Missing character: There is no m in font nullfont!
Missing character: There is no e in font nullfont!
Missing character: There is no n in font nullfont!
Missing character: There is no t in font nullfont!
Missing character: There is no e in font nullfont!
Missing character: There is no d in font nullfont!
Missing character: There is no f in font nullfont!
Missing character: There is no i in font nullfont!
Missing character: There is no l in font nullfont!
Missing character: There is no e in font nullfont!
Missing character: There is no s in font nullfont!
Missing character: There is no w in font nullfont!
Missing character: There is no i in font nullfont!
Missing character: There is no t in font nullfont!
Missing character: There is no h in font nullfont!
Missing character: There is no b in font nullfont!
Missing character: There is no r in font nullfont!
Missing character: There is no i in font nullfont!
Missing character: There is no e in font nullfont!
Missing character: There is no f in font nullfont!
Missing character: There is no d in font nullfont!
Missing character: There is no e in font nullfont!
Missing character: There is no s in font nullfont!
Missing character: There is no c in font nullfont!
Missing character: There is no r in font nullfont!
Missing character: There is no i in font nullfont!
Missing character: There is no p in font nullfont!
Missing character: There is no t in font nullfont!
Missing character: There is no i in font nullfont!
Missing character: There is no o in font nullfont!
Missing character: There is no n in font nullfont!
Missing character: There is no s in font nullfont!
! Undefined control sequence.
l.2 ... documented files with brief descriptions\+
                                                  :\begin{DoxyCompactList}
The control sequence at the end of the top line
of your error message was never \def'ed. If you have
misspelled it (e.g., `\hobx'), type `I' and the correct
spelling (e.g., `I\hbox'). Otherwise just continue,
and I'll forget about whatever was undefined.

Missing character: There is no : in font nullfont!

! LaTeX Error: Environment DoxyCompactList undefined.

See the LaTeX manual or LaTeX Companion for explanation.
Type  H <return>  for immediate help.
 ...                                              
                                                  
l.2 ...rief descriptions\+:\begin{DoxyCompactList}
                                                  
Your command was ignored.
Type  I <command> <return>  to replace it with another command,
or  <return>  to continue without it.


Overfull \hbox (20.0pt too wide) in paragraph at lines 1--3
[]
 []


! LaTeX Error: Lonely \item--perhaps a missing list environment.

See the LaTeX manual or LaTeX Companion for explanation.
Type  H <return>  for immediate help.
 ...                                              
                                                  
l.3 \item\contentsline
                      {section}{C\+:/\+Users/alext/\+Desktop/\+S\+E/\+Worksp...

Try typing  <return>  to proceed.
If that doesn't work, type  X <return>  to quit.

Missing character: There is no C in font nullfont!
! Undefined control sequence.
<argument> C\+
              :/\+Users/alext/\+Desktop/\+S\+E/\+Workspace/\+Free\+R\+T\+O\+...
l.3 ...B\+H1750 A\+PI }{\pageref{rtosbh1750_8h}}{}
                                                  
The control sequence at the end of the top line
of your error message was never \def'ed. If you have
misspelled it (e.g., `\hobx'), type `I' and the correct
spelling (e.g., `I\hbox'). Otherwise just continue,
and I'll forget about whatever was undefined.

Missing character: There is no : in font nullfont!
Missing character: There is no / in font nullfont!
! Undefined control sequence.
<argument> C\+:/\+
                  Users/alext/\+Desktop/\+S\+E/\+Workspace/\+Free\+R\+T\+O\+...
l.3 ...B\+H1750 A\+PI }{\pageref{rtosbh1750_8h}}{}
                                                  
The control sequence at the end of the top line
of your error message was never \def'ed. If you have
misspelled it (e.g., `\hobx'), type `I' and the correct
spelling (e.g., `I\hbox'). Otherwise just continue,
and I'll forget about whatever was undefined.

Missing character: There is no U in font nullfont!
Missing character: There is no s in font nullfont!
Missing character: There is no e in font nullfont!
Missing character: There is no r in font nullfont!
Missing character: There is no s in font nullfont!
Missing character: There is no / in font nullfont!
Missing character: There is no a in font nullfont!
Missing character: There is no l in font nullfont!
Missing character: There is no e in font nullfont!
Missing character: There is no x in font nullfont!
Missing character: There is no t in font nullfont!
Missing character: There is no / in font nullfont!
! Undefined control sequence.
<argument> C\+:/\+Users/alext/\+
                                Desktop/\+S\+E/\+Workspace/\+Free\+R\+T\+O\+...
l.3 ...B\+H1750 A\+PI }{\pageref{rtosbh1750_8h}}{}
                                                  
The control sequence at the end of the top line
of your error message was never \def'ed. If you have
misspelled it (e.g., `\hobx'), type `I' and the correct
spelling (e.g., `I\hbox'). Otherwise just continue,
and I'll forget about whatever was undefined.

Missing character: There is no D in font nullfont!
Missing character: There is no e in font nullfont!
Missing character: There is no s in font nullfont!
Missing character: There is no k in font nullfont!
Missing character: There is no t in font nullfont!
Missing character: There is no o in font nullfont!
Missing character: There is no p in font nullfont!
Missing character: There is no / in font nullfont!
! Undefined control sequence.
<argument> C\+:/\+Users/alext/\+Desktop/\+
                                          S\+E/\+Workspace/\+Free\+R\+T\+O\+...
l.3 ...B\+H1750 A\+PI }{\pageref{rtosbh1750_8h}}{}
                                                  
The control sequence at the end of the top line
of your error message was never \def'ed. If you have
misspelled it (e.g., `\hobx'), type `I' and the correct
spelling (e.g., `I\hbox'). Otherwise just continue,
and I'll forget about whatever was undefined.

Missing character: There is no S in font nullfont!
! Undefined control sequence.
<argument> C\+:/\+Users/alext/\+Desktop/\+S\+
                                             E/\+Workspace/\+Free\+R\+T\+O\+...
l.3 ...B\+H1750 A\+PI }{\pageref{rtosbh1750_8h}}{}
                                                  
The control sequence at the end of the top line
of your error message was never \def'ed. If you have
misspelled it (e.g., `\hobx'), type `I' and the correct
spelling (e.g., `I\hbox'). Otherwise just continue,
and I'll forget about whatever was undefined.

Missing character: There is no E in font nullfont!
Missing character: There is no / in font nullfont!
! Undefined control sequence.
<argument> C\+:/\+Users/alext/\+Desktop/\+S\+E/\+
                                                 Workspace/\+Free\+R\+T\+O\+...
l.3 ...B\+H1750 A\+PI }{\pageref{rtosbh1750_8h}}{}
                                                  
The control sequence at the end of the top line
of your error message was never \def'ed. If you have
misspelled it (e.g., `\hobx'), type `I' and the correct
spelling (e.g., `I\hbox'). Otherwise just continue,
and I'll forget about whatever was undefined.

Missing character: There is no W in font nullfont!
Missing character: There is no o in font nullfont!
Missing character: There is no r in font nullfont!
Missing character: There is no k in font nullfont!
Missing character: There is no s in font nullfont!
Missing character: There is no p in font nullfont!
Missing character: There is no a in font nullfont!
Missing character: There is no c in font nullfont!
Missing character: There is no e in font nullfont!
Missing character: There is no / in font nullfont!
! Undefined control sequence.
<argument> ...lext/\+Desktop/\+S\+E/\+Workspace/\+
                                                  Free\+R\+T\+O\+S-\/\+Drive...
l.3 ...B\+H1750 A\+PI }{\pageref{rtosbh1750_8h}}{}
                                                  
The control sequence at the end of the top line
of your error message was never \def'ed. If you have
misspelled it (e.g., `\hobx'), type `I' and the correct
spelling (e.g., `I\hbox'). Otherwise just continue,
and I'll forget about whatever was undefined.

Missing character: There is no F in font nullfont!
Missing character: There is no r in font nullfont!
Missing character: There is no e in font nullfont!
Missing character: There is no e in font nullfont!
! Undefined control sequence.
<argument> ...+Desktop/\+S\+E/\+Workspace/\+Free\+
                                                  R\+T\+O\+S-\/\+Drivers/inc...
l.3 ...B\+H1750 A\+PI }{\pageref{rtosbh1750_8h}}{}
                                                  
The control sequence at the end of the top line
of your error message was never \def'ed. If you have
misspelled it (e.g., `\hobx'), type `I' and the correct
spelling (e.g., `I\hbox'). Otherwise just continue,
and I'll forget about whatever was undefined.

Missing character: There is no R in font nullfont!
! Undefined control sequence.
<argument> ...sktop/\+S\+E/\+Workspace/\+Free\+R\+
                                                  T\+O\+S-\/\+Drivers/inc/\m...
l.3 ...B\+H1750 A\+PI }{\pageref{rtosbh1750_8h}}{}
                                                  
The control sequence at the end of the top line
of your error message was never \def'ed. If you have
misspelled it (e.g., `\hobx'), type `I' and the correct
spelling (e.g., `I\hbox'). Otherwise just continue,
and I'll forget about whatever was undefined.

Missing character: There is no T in font nullfont!
! Undefined control sequence.
<argument> ...op/\+S\+E/\+Workspace/\+Free\+R\+T\+
                                                  O\+S-\/\+Drivers/inc/\mbox...
l.3 ...B\+H1750 A\+PI }{\pageref{rtosbh1750_8h}}{}
                                                  
The control sequence at the end of the top line
of your error message was never \def'ed. If you have
misspelled it (e.g., `\hobx'), type `I' and the correct
spelling (e.g., `I\hbox'). Otherwise just continue,
and I'll forget about whatever was undefined.

Missing character: There is no O in font nullfont!
! Undefined control sequence.
<argument> ...\+S\+E/\+Workspace/\+Free\+R\+T\+O\+
                                                  S-\/\+Drivers/inc/\mbox {\...
l.3 ...B\+H1750 A\+PI }{\pageref{rtosbh1750_8h}}{}
                                                  
The control sequence at the end of the top line
of your error message was never \def'ed. If you have
misspelled it (e.g., `\hobx'), type `I' and the correct
spelling (e.g., `I\hbox'). Otherwise just continue,
and I'll forget about whatever was undefined.

Missing character: There is no S in font nullfont!
Missing character: There is no - in font nullfont!
! Undefined control sequence.
<argument> .../\+Workspace/\+Free\+R\+T\+O\+S-\/\+
                                                  Drivers/inc/\mbox {\hyperl...
l.3 ...B\+H1750 A\+PI }{\pageref{rtosbh1750_8h}}{}
                                                  
The control sequence at the end of the top line
of your error message was never \def'ed. If you have
misspelled it (e.g., `\hobx'), type `I' and the correct
spelling (e.g., `I\hbox'). Otherwise just continue,
and I'll forget about whatever was undefined.

Missing character: There is no D in font nullfont!
Missing character: There is no r in font nullfont!
Missing character: There is no i in font nullfont!
Missing character: There is no v in font nullfont!
Missing character: There is no e in font nullfont!
Missing character: There is no r in font nullfont!
Missing character: There is no s in font nullfont!
Missing character: There is no / in font nullfont!
Missing character: There is no i in font nullfont!
Missing character: There is no n in font nullfont!
Missing character: There is no c in font nullfont!
Missing character: There is no / in font nullfont!
! Undefined control sequence.
<argument> \hyperlink 
                      {rtosbh1750_8h}{rtosbh1750.\+h}
l.3 ...B\+H1750 A\+PI }{\pageref{rtosbh1750_8h}}{}
                                                  
The control sequence at the end of the top line
of your error message was never \def'ed. If you have
misspelled it (e.g., `\hobx'), type `I' and the correct
spelling (e.g., `I\hbox'). Otherwise just continue,
and I'll forget about whatever was undefined.

Missing character: There is no r in font nullfont!
Missing character: There is no t in font nullfont!
Missing character: There is no o in font nullfont!
Missing character: There is no s in font nullfont!
Missing character: There is no b in font nullfont!
Missing character: There is no h in font nullfont!
Missing character: There is no 1 in font nullfont!
Missing character: There is no 7 in font nullfont!
Missing character: There is no 5 in font nullfont!
Missing character: There is no 0 in font nullfont!
! Missing $ inserted.
<inserted text> 
                $
l.3 ...B\+H1750 A\+PI }{\pageref{rtosbh1750_8h}}{}
                                                  
I've inserted a begin-math/end-math symbol since I think
you left one out. Proceed, with fingers crossed.

LaTeX Font Info:    External font `cmex10' loaded for size
(Font)              <7> on input line 3.
LaTeX Font Info:    External font `cmex10' loaded for size
(Font)              <5> on input line 3.
! Extra }, or forgotten $.
<argument> \hyperlink {rtosbh1750_8h}
                                     {rtosbh1750.\+h}
l.3 ...B\+H1750 A\+PI }{\pageref{rtosbh1750_8h}}{}
                                                  
I've deleted a group-closing symbol because it seems to be
spurious, as in `$x}$'. But perhaps the } is legitimate and
you forgot something else, as in `\hbox{$x}'. In such cases
the way to recover is to insert both the forgotten and the
deleted material, e.g., by typing `I$}'.

! Undefined control sequence.
<argument> ...erlink {rtosbh1750_8h}{rtosbh1750.\+
                                                  h}
l.3 ...B\+H1750 A\+PI }{\pageref{rtosbh1750_8h}}{}
                                                  
The control sequence at the end of the top line
of your error message was never \def'ed. If you have
misspelled it (e.g., `\hobx'), type `I' and the correct
spelling (e.g., `I\hbox'). Otherwise just continue,
and I'll forget about whatever was undefined.

! Extra }, or forgotten $.
\mbox  #1->\leavevmode \hbox {#1}
                                 
l.3 ...B\+H1750 A\+PI }{\pageref{rtosbh1750_8h}}{}
                                                  
I've deleted a group-closing symbol because it seems to be
spurious, as in `$x}$'. But perhaps the } is legitimate and
you forgot something else, as in `\hbox{$x}'. In such cases
the way to recover is to insert both the forgotten and the
deleted material, e.g., by typing `I$}'.

! Undefined control sequence.
<argument> ...sbh1750.\+h}} \\*Contains the rtos\+
                                                  B\+H1750 A\+PI 
l.3 ...B\+H1750 A\+PI }{\pageref{rtosbh1750_8h}}{}
                                                  
The control sequence at the end of the top line
of your error message was never \def'ed. If you have
misspelled it (e.g., `\hobx'), type `I' and the correct
spelling (e.g., `I\hbox'). Otherwise just continue,
and I'll forget about whatever was undefined.

! Undefined control sequence.
<argument> ...1750.\+h}} \\*Contains the rtos\+B\+
                                                  H1750 A\+PI 
l.3 ...B\+H1750 A\+PI }{\pageref{rtosbh1750_8h}}{}
                                                  
The control sequence at the end of the top line
of your error message was never \def'ed. If you have
misspelled it (e.g., `\hobx'), type `I' and the correct
spelling (e.g., `I\hbox'). Otherwise just continue,
and I'll forget about whatever was undefined.

! Undefined control sequence.
<argument> ...} \\*Contains the rtos\+B\+H1750 A\+
                                                  PI 
l.3 ...B\+H1750 A\+PI }{\pageref{rtosbh1750_8h}}{}
                                                  
The control sequence at the end of the top line
of your error message was never \def'ed. If you have
misspelled it (e.g., `\hobx'), type `I' and the correct
spelling (e.g., `I\hbox'). Otherwise just continue,
and I'll forget about whatever was undefined.

! Extra }, or forgotten $.
\contentsline ...n {#4}\csname l@#1\endcsname {#2}
                                                  {#3}
l.3 ...B\+H1750 A\+PI }{\pageref{rtosbh1750_8h}}{}
                                                  
I've deleted a group-closing symbol because it seems to be
spurious, as in `$x}$'. But perhaps the } is legitimate and
you forgot something else, as in `\hbox{$x}'. In such cases
the way to recover is to insert both the forgotten and the
deleted material, e.g., by typing `I$}'.

! Undefined control sequence.
<write> ...rence `rtosbh1750_8h' on page \thepage 
                                                  \space undefined\on@line .
l.3 ...B\+H1750 A\+PI }{\pageref{rtosbh1750_8h}}{}
                                                  
The control sequence at the end of the top line
of your error message was never \def'ed. If you have
misspelled it (e.g., `\hobx'), type `I' and the correct
spelling (e.g., `I\hbox'). Otherwise just continue,
and I'll forget about whatever was undefined.


LaTeX Warning: Reference `rtosbh1750_8h' on page  undefined on input line 3.


! LaTeX Error: Command \item invalid in math mode.

See the LaTeX manual or LaTeX Companion for explanation.
Type  H <return>  for immediate help.
 ...                                              
                                                  
l.4 \item
         \contentsline{section}{C\+:/\+Users/alext/\+Desktop/\+S\+E/\+Worksp...

Try typing  <return>  to proceed.
If that doesn't work, type  X <return>  to quit.


! LaTeX Error: Something's wrong--perhaps a missing \item.

See the LaTeX manual or LaTeX Companion for explanation.
Type  H <return>  for immediate help.
 ...                                              
                                                  
l.4 \item\contentsline
                      {section}{C\+:/\+Users/alext/\+Desktop/\+S\+E/\+Worksp...

Try typing  <return>  to proceed.
If that doesn't work, type  X <return>  to quit.


! LaTeX Error: Something's wrong--perhaps a missing \item.

See the LaTeX manual or LaTeX Companion for explanation.
Type  H <return>  for immediate help.
 ...                                              
                                                  
l.4 \item\contentsline
                      {section}{C\+:/\+Users/alext/\+Desktop/\+S\+E/\+Worksp...

Try typing  <return>  to proceed.
If that doesn't work, type  X <return>  to quit.


! LaTeX Error: Lonely \item--perhaps a missing list environment.

See the LaTeX manual or LaTeX Companion for explanation.
Type  H <return>  for immediate help.
 ...                                              
                                                  
l.4 \item\contentsline
                      {section}{C\+:/\+Users/alext/\+Desktop/\+S\+E/\+Worksp...

Try typing  <return>  to proceed.
If that doesn't work, type  X <return>  to quit.

! Undefined control sequence.
<argument> C\+
              :/\+Users/alext/\+Desktop/\+S\+E/\+Workspace/\+Free\+R\+T\+O\+...
l.4 ...\+D\+ER A\+PI }{\pageref{rtosencoder_8h}}{}
                                                  
The control sequence at the end of the top line
of your error message was never \def'ed. If you have
misspelled it (e.g., `\hobx'), type `I' and the correct
spelling (e.g., `I\hbox'). Otherwise just continue,
and I'll forget about whatever was undefined.

! Undefined control sequence.
<argument> C\+:/\+
                  Users/alext/\+Desktop/\+S\+E/\+Workspace/\+Free\+R\+T\+O\+...
l.4 ...\+D\+ER A\+PI }{\pageref{rtosencoder_8h}}{}
                                                  
The control sequence at the end of the top line
of your error message was never \def'ed. If you have
misspelled it (e.g., `\hobx'), type `I' and the correct
spelling (e.g., `I\hbox'). Otherwise just continue,
and I'll forget about whatever was undefined.

! Undefined control sequence.
<argument> C\+:/\+Users/alext/\+
                                Desktop/\+S\+E/\+Workspace/\+Free\+R\+T\+O\+...
l.4 ...\+D\+ER A\+PI }{\pageref{rtosencoder_8h}}{}
                                                  
The control sequence at the end of the top line
of your error message was never \def'ed. If you have
misspelled it (e.g., `\hobx'), type `I' and the correct
spelling (e.g., `I\hbox'). Otherwise just continue,
and I'll forget about whatever was undefined.

! Undefined control sequence.
<argument> C\+:/\+Users/alext/\+Desktop/\+
                                          S\+E/\+Workspace/\+Free\+R\+T\+O\+...
l.4 ...\+D\+ER A\+PI }{\pageref{rtosencoder_8h}}{}
                                                  
The control sequence at the end of the top line
of your error message was never \def'ed. If you have
misspelled it (e.g., `\hobx'), type `I' and the correct
spelling (e.g., `I\hbox'). Otherwise just continue,
and I'll forget about whatever was undefined.

! Undefined control sequence.
<argument> C\+:/\+Users/alext/\+Desktop/\+S\+
                                             E/\+Workspace/\+Free\+R\+T\+O\+...
l.4 ...\+D\+ER A\+PI }{\pageref{rtosencoder_8h}}{}
                                                  
The control sequence at the end of the top line
of your error message was never \def'ed. If you have
misspelled it (e.g., `\hobx'), type `I' and the correct
spelling (e.g., `I\hbox'). Otherwise just continue,
and I'll forget about whatever was undefined.

! Undefined control sequence.
<argument> C\+:/\+Users/alext/\+Desktop/\+S\+E/\+
                                                 Workspace/\+Free\+R\+T\+O\+...
l.4 ...\+D\+ER A\+PI }{\pageref{rtosencoder_8h}}{}
                                                  
The control sequence at the end of the top line
of your error message was never \def'ed. If you have
misspelled it (e.g., `\hobx'), type `I' and the correct
spelling (e.g., `I\hbox'). Otherwise just continue,
and I'll forget about whatever was undefined.

! Undefined control sequence.
<argument> ...lext/\+Desktop/\+S\+E/\+Workspace/\+
                                                  Free\+R\+T\+O\+S-\/\+Drive...
l.4 ...\+D\+ER A\+PI }{\pageref{rtosencoder_8h}}{}
                                                  
The control sequence at the end of the top line
of your error message was never \def'ed. If you have
misspelled it (e.g., `\hobx'), type `I' and the correct
spelling (e.g., `I\hbox'). Otherwise just continue,
and I'll forget about whatever was undefined.

! Undefined control sequence.
<argument> ...+Desktop/\+S\+E/\+Workspace/\+Free\+
                                                  R\+T\+O\+S-\/\+Drivers/inc...
l.4 ...\+D\+ER A\+PI }{\pageref{rtosencoder_8h}}{}
                                                  
The control sequence at the end of the top line
of your error message was never \def'ed. If you have
misspelled it (e.g., `\hobx'), type `I' and the correct
spelling (e.g., `I\hbox'). Otherwise just continue,
and I'll forget about whatever was undefined.

! Undefined control sequence.
<argument> ...sktop/\+S\+E/\+Workspace/\+Free\+R\+
                                                  T\+O\+S-\/\+Drivers/inc/\m...
l.4 ...\+D\+ER A\+PI }{\pageref{rtosencoder_8h}}{}
                                                  
The control sequence at the end of the top line
of your error message was never \def'ed. If you have
misspelled it (e.g., `\hobx'), type `I' and the correct
spelling (e.g., `I\hbox'). Otherwise just continue,
and I'll forget about whatever was undefined.

! Undefined control sequence.
<argument> ...op/\+S\+E/\+Workspace/\+Free\+R\+T\+
                                                  O\+S-\/\+Drivers/inc/\mbox...
l.4 ...\+D\+ER A\+PI }{\pageref{rtosencoder_8h}}{}
                                                  
The control sequence at the end of the top line
of your error message was never \def'ed. If you have
misspelled it (e.g., `\hobx'), type `I' and the correct
spelling (e.g., `I\hbox'). Otherwise just continue,
and I'll forget about whatever was undefined.

! Undefined control sequence.
<argument> ...\+S\+E/\+Workspace/\+Free\+R\+T\+O\+
                                                  S-\/\+Drivers/inc/\mbox {\...
l.4 ...\+D\+ER A\+PI }{\pageref{rtosencoder_8h}}{}
                                                  
The control sequence at the end of the top line
of your error message was never \def'ed. If you have
misspelled it (e.g., `\hobx'), type `I' and the correct
spelling (e.g., `I\hbox'). Otherwise just continue,
and I'll forget about whatever was undefined.

! Undefined control sequence.
<argument> .../\+Workspace/\+Free\+R\+T\+O\+S-\/\+
                                                  Drivers/inc/\mbox {\hyperl...
l.4 ...\+D\+ER A\+PI }{\pageref{rtosencoder_8h}}{}
                                                  
The control sequence at the end of the top line
of your error message was never \def'ed. If you have
misspelled it (e.g., `\hobx'), type `I' and the correct
spelling (e.g., `I\hbox'). Otherwise just continue,
and I'll forget about whatever was undefined.

! Undefined control sequence.
<argument> \hyperlink 
                      {rtosencoder_8h}{rtosencoder.\+h}
l.4 ...\+D\+ER A\+PI }{\pageref{rtosencoder_8h}}{}
                                                  
The control sequence at the end of the top line
of your error message was never \def'ed. If you have
misspelled it (e.g., `\hobx'), type `I' and the correct
spelling (e.g., `I\hbox'). Otherwise just continue,
and I'll forget about whatever was undefined.

Missing character: There is no r in font nullfont!
Missing character: There is no t in font nullfont!
Missing character: There is no o in font nullfont!
Missing character: There is no s in font nullfont!
Missing character: There is no e in font nullfont!
Missing character: There is no n in font nullfont!
Missing character: There is no c in font nullfont!
Missing character: There is no o in font nullfont!
Missing character: There is no d in font nullfont!
Missing character: There is no e in font nullfont!
Missing character: There is no r in font nullfont!
! Missing $ inserted.
<inserted text> 
                $
l.4 ...\+D\+ER A\+PI }{\pageref{rtosencoder_8h}}{}
                                                  
I've inserted a begin-math/end-math symbol since I think
you left one out. Proceed, with fingers crossed.

! Extra }, or forgotten $.
<argument> \hyperlink {rtosencoder_8h}
                                      {rtosencoder.\+h}
l.4 ...\+D\+ER A\+PI }{\pageref{rtosencoder_8h}}{}
                                                  
I've deleted a group-closing symbol because it seems to be
spurious, as in `$x}$'. But perhaps the } is legitimate and
you forgot something else, as in `\hbox{$x}'. In such cases
the way to recover is to insert both the forgotten and the
deleted material, e.g., by typing `I$}'.

! Undefined control sequence.
<argument> ...link {rtosencoder_8h}{rtosencoder.\+
                                                  h}
l.4 ...\+D\+ER A\+PI }{\pageref{rtosencoder_8h}}{}
                                                  
The control sequence at the end of the top line
of your error message was never \def'ed. If you have
misspelled it (e.g., `\hobx'), type `I' and the correct
spelling (e.g., `I\hbox'). Otherwise just continue,
and I'll forget about whatever was undefined.

! Extra }, or forgotten $.
\mbox  #1->\leavevmode \hbox {#1}
                                 
l.4 ...\+D\+ER A\+PI }{\pageref{rtosencoder_8h}}{}
                                                  
I've deleted a group-closing symbol because it seems to be
spurious, as in `$x}$'. But perhaps the } is legitimate and
you forgot something else, as in `\hbox{$x}'. In such cases
the way to recover is to insert both the forgotten and the
deleted material, e.g., by typing `I$}'.

! Undefined control sequence.
<argument> ...encoder.\+h}} \\*Contains the rtos\+
                                                  E\+N\+C\+O\+D\+ER A\+PI 
l.4 ...\+D\+ER A\+PI }{\pageref{rtosencoder_8h}}{}
                                                  
The control sequence at the end of the top line
of your error message was never \def'ed. If you have
misspelled it (e.g., `\hobx'), type `I' and the correct
spelling (e.g., `I\hbox'). Otherwise just continue,
and I'll forget about whatever was undefined.

! Undefined control sequence.
<argument> ...oder.\+h}} \\*Contains the rtos\+E\+
                                                  N\+C\+O\+D\+ER A\+PI 
l.4 ...\+D\+ER A\+PI }{\pageref{rtosencoder_8h}}{}
                                                  
The control sequence at the end of the top line
of your error message was never \def'ed. If you have
misspelled it (e.g., `\hobx'), type `I' and the correct
spelling (e.g., `I\hbox'). Otherwise just continue,
and I'll forget about whatever was undefined.

! Undefined control sequence.
<argument> ...r.\+h}} \\*Contains the rtos\+E\+N\+
                                                  C\+O\+D\+ER A\+PI 
l.4 ...\+D\+ER A\+PI }{\pageref{rtosencoder_8h}}{}
                                                  
The control sequence at the end of the top line
of your error message was never \def'ed. If you have
misspelled it (e.g., `\hobx'), type `I' and the correct
spelling (e.g., `I\hbox'). Otherwise just continue,
and I'll forget about whatever was undefined.

! Undefined control sequence.
<argument> ...+h}} \\*Contains the rtos\+E\+N\+C\+
                                                  O\+D\+ER A\+PI 
l.4 ...\+D\+ER A\+PI }{\pageref{rtosencoder_8h}}{}
                                                  
The control sequence at the end of the top line
of your error message was never \def'ed. If you have
misspelled it (e.g., `\hobx'), type `I' and the correct
spelling (e.g., `I\hbox'). Otherwise just continue,
and I'll forget about whatever was undefined.

! Undefined control sequence.
<argument> ...} \\*Contains the rtos\+E\+N\+C\+O\+
                                                  D\+ER A\+PI 
l.4 ...\+D\+ER A\+PI }{\pageref{rtosencoder_8h}}{}
                                                  
The control sequence at the end of the top line
of your error message was never \def'ed. If you have
misspelled it (e.g., `\hobx'), type `I' and the correct
spelling (e.g., `I\hbox'). Otherwise just continue,
and I'll forget about whatever was undefined.

! Undefined control sequence.
<argument> ...\*Contains the rtos\+E\+N\+C\+O\+D\+
                                                  ER A\+PI 
l.4 ...\+D\+ER A\+PI }{\pageref{rtosencoder_8h}}{}
                                                  
The control sequence at the end of the top line
of your error message was never \def'ed. If you have
misspelled it (e.g., `\hobx'), type `I' and the correct
spelling (e.g., `I\hbox'). Otherwise just continue,
and I'll forget about whatever was undefined.

! Undefined control sequence.
<argument> ...ains the rtos\+E\+N\+C\+O\+D\+ER A\+
                                                  PI 
l.4 ...\+D\+ER A\+PI }{\pageref{rtosencoder_8h}}{}
                                                  
The control sequence at the end of the top line
of your error message was never \def'ed. If you have
misspelled it (e.g., `\hobx'), type `I' and the correct
spelling (e.g., `I\hbox'). Otherwise just continue,
and I'll forget about whatever was undefined.

! Extra }, or forgotten $.
\contentsline ...n {#4}\csname l@#1\endcsname {#2}
                                                  {#3}
l.4 ...\+D\+ER A\+PI }{\pageref{rtosencoder_8h}}{}
                                                  
I've deleted a group-closing symbol because it seems to be
spurious, as in `$x}$'. But perhaps the } is legitimate and
you forgot something else, as in `\hbox{$x}'. In such cases
the way to recover is to insert both the forgotten and the
deleted material, e.g., by typing `I$}'.

! Undefined control sequence.
<write> ...ence `rtosencoder_8h' on page \thepage 
                                                  \space undefined\on@line .
l.4 ...\+D\+ER A\+PI }{\pageref{rtosencoder_8h}}{}
                                                  
The control sequence at the end of the top line
of your error message was never \def'ed. If you have
misspelled it (e.g., `\hobx'), type `I' and the correct
spelling (e.g., `I\hbox'). Otherwise just continue,
and I'll forget about whatever was undefined.


LaTeX Warning: Reference `rtosencoder_8h' on page  undefined on input line 4.


! LaTeX Error: Command \item invalid in math mode.

See the LaTeX manual or LaTeX Companion for explanation.
Type  H <return>  for immediate help.
 ...                                              
                                                  
l.5 \item
         \contentsline{section}{C\+:/\+Users/alext/\+Desktop/\+S\+E/\+Worksp...

Try typing  <return>  to proceed.
If that doesn't work, type  X <return>  to quit.

! Missing $ inserted.
<inserted text> 
                $
l.5 \item\contentsline
                      {section}{C\+:/\+Users/alext/\+Desktop/\+S\+E/\+Worksp...
I've inserted a begin-math/end-math symbol since I think
you left one out. Proceed, with fingers crossed.


! LaTeX Error: Something's wrong--perhaps a missing \item.

See the LaTeX manual or LaTeX Companion for explanation.
Type  H <return>  for immediate help.
 ...                                              
                                                  
l.5 \item\contentsline
                      {section}{C\+:/\+Users/alext/\+Desktop/\+S\+E/\+Worksp...

Try typing  <return>  to proceed.
If that doesn't work, type  X <return>  to quit.


! LaTeX Error: Something's wrong--perhaps a missing \item.

See the LaTeX manual or LaTeX Companion for explanation.
Type  H <return>  for immediate help.
 ...                                              
                                                  
l.5 \item\contentsline
                      {section}{C\+:/\+Users/alext/\+Desktop/\+S\+E/\+Worksp...

Try typing  <return>  to proceed.
If that doesn't work, type  X <return>  to quit.


! LaTeX Error: Lonely \item--perhaps a missing list environment.

See the LaTeX manual or LaTeX Companion for explanation.
Type  H <return>  for immediate help.
 ...                                              
                                                  
l.5 \item\contentsline
                      {section}{C\+:/\+Users/alext/\+Desktop/\+S\+E/\+Worksp...

Try typing  <return>  to proceed.
If that doesn't work, type  X <return>  to quit.

Missing character: There is no C in font nullfont!
! Undefined control sequence.
<argument> C\+
              :/\+Users/alext/\+Desktop/\+S\+E/\+Workspace/\+Free\+R\+T\+O\+...
l.5 ...serial.\+h} }{\pageref{rtosespserial_8h}}{}
                                                  
The control sequence at the end of the top line
of your error message was never \def'ed. If you have
misspelled it (e.g., `\hobx'), type `I' and the correct
spelling (e.g., `I\hbox'). Otherwise just continue,
and I'll forget about whatever was undefined.

Missing character: There is no : in font nullfont!
Missing character: There is no / in font nullfont!
! Undefined control sequence.
<argument> C\+:/\+
                  Users/alext/\+Desktop/\+S\+E/\+Workspace/\+Free\+R\+T\+O\+...
l.5 ...serial.\+h} }{\pageref{rtosespserial_8h}}{}
                                                  
The control sequence at the end of the top line
of your error message was never \def'ed. If you have
misspelled it (e.g., `\hobx'), type `I' and the correct
spelling (e.g., `I\hbox'). Otherwise just continue,
and I'll forget about whatever was undefined.

Missing character: There is no U in font nullfont!
Missing character: There is no s in font nullfont!
Missing character: There is no e in font nullfont!
Missing character: There is no r in font nullfont!
Missing character: There is no s in font nullfont!
Missing character: There is no / in font nullfont!
Missing character: There is no a in font nullfont!
Missing character: There is no l in font nullfont!
Missing character: There is no e in font nullfont!
Missing character: There is no x in font nullfont!
Missing character: There is no t in font nullfont!
Missing character: There is no / in font nullfont!
! Undefined control sequence.
<argument> C\+:/\+Users/alext/\+
                                Desktop/\+S\+E/\+Workspace/\+Free\+R\+T\+O\+...
l.5 ...serial.\+h} }{\pageref{rtosespserial_8h}}{}
                                                  
The control sequence at the end of the top line
of your error message was never \def'ed. If you have
misspelled it (e.g., `\hobx'), type `I' and the correct
spelling (e.g., `I\hbox'). Otherwise just continue,
and I'll forget about whatever was undefined.

Missing character: There is no D in font nullfont!
Missing character: There is no e in font nullfont!
Missing character: There is no s in font nullfont!
Missing character: There is no k in font nullfont!
Missing character: There is no t in font nullfont!
Missing character: There is no o in font nullfont!
Missing character: There is no p in font nullfont!
Missing character: There is no / in font nullfont!
! Undefined control sequence.
<argument> C\+:/\+Users/alext/\+Desktop/\+
                                          S\+E/\+Workspace/\+Free\+R\+T\+O\+...
l.5 ...serial.\+h} }{\pageref{rtosespserial_8h}}{}
                                                  
The control sequence at the end of the top line
of your error message was never \def'ed. If you have
misspelled it (e.g., `\hobx'), type `I' and the correct
spelling (e.g., `I\hbox'). Otherwise just continue,
and I'll forget about whatever was undefined.

Missing character: There is no S in font nullfont!
! Undefined control sequence.
<argument> C\+:/\+Users/alext/\+Desktop/\+S\+
                                             E/\+Workspace/\+Free\+R\+T\+O\+...
l.5 ...serial.\+h} }{\pageref{rtosespserial_8h}}{}
                                                  
The control sequence at the end of the top line
of your error message was never \def'ed. If you have
misspelled it (e.g., `\hobx'), type `I' and the correct
spelling (e.g., `I\hbox'). Otherwise just continue,
and I'll forget about whatever was undefined.

Missing character: There is no E in font nullfont!
Missing character: There is no / in font nullfont!
! Undefined control sequence.
<argument> C\+:/\+Users/alext/\+Desktop/\+S\+E/\+
                                                 Workspace/\+Free\+R\+T\+O\+...
l.5 ...serial.\+h} }{\pageref{rtosespserial_8h}}{}
                                                  
The control sequence at the end of the top line
of your error message was never \def'ed. If you have
misspelled it (e.g., `\hobx'), type `I' and the correct
spelling (e.g., `I\hbox'). Otherwise just continue,
and I'll forget about whatever was undefined.

Missing character: There is no W in font nullfont!
Missing character: There is no o in font nullfont!
Missing character: There is no r in font nullfont!
Missing character: There is no k in font nullfont!
Missing character: There is no s in font nullfont!
Missing character: There is no p in font nullfont!
Missing character: There is no a in font nullfont!
Missing character: There is no c in font nullfont!
Missing character: There is no e in font nullfont!
Missing character: There is no / in font nullfont!
! Undefined control sequence.
<argument> ...lext/\+Desktop/\+S\+E/\+Workspace/\+
                                                  Free\+R\+T\+O\+S-\/\+Drive...
l.5 ...serial.\+h} }{\pageref{rtosespserial_8h}}{}
                                                  
The control sequence at the end of the top line
of your error message was never \def'ed. If you have
misspelled it (e.g., `\hobx'), type `I' and the correct
spelling (e.g., `I\hbox'). Otherwise just continue,
and I'll forget about whatever was undefined.

Missing character: There is no F in font nullfont!
Missing character: There is no r in font nullfont!
Missing character: There is no e in font nullfont!
Missing character: There is no e in font nullfont!
! Undefined control sequence.
<argument> ...+Desktop/\+S\+E/\+Workspace/\+Free\+
                                                  R\+T\+O\+S-\/\+Drivers/inc...
l.5 ...serial.\+h} }{\pageref{rtosespserial_8h}}{}
                                                  
The control sequence at the end of the top line
of your error message was never \def'ed. If you have
misspelled it (e.g., `\hobx'), type `I' and the correct
spelling (e.g., `I\hbox'). Otherwise just continue,
and I'll forget about whatever was undefined.

Missing character: There is no R in font nullfont!
! Undefined control sequence.
<argument> ...sktop/\+S\+E/\+Workspace/\+Free\+R\+
                                                  T\+O\+S-\/\+Drivers/inc/{\...
l.5 ...serial.\+h} }{\pageref{rtosespserial_8h}}{}
                                                  
The control sequence at the end of the top line
of your error message was never \def'ed. If you have
misspelled it (e.g., `\hobx'), type `I' and the correct
spelling (e.g., `I\hbox'). Otherwise just continue,
and I'll forget about whatever was undefined.

Missing character: There is no T in font nullfont!
! Undefined control sequence.
<argument> ...op/\+S\+E/\+Workspace/\+Free\+R\+T\+
                                                  O\+S-\/\+Drivers/inc/{\bfs...
l.5 ...serial.\+h} }{\pageref{rtosespserial_8h}}{}
                                                  
The control sequence at the end of the top line
of your error message was never \def'ed. If you have
misspelled it (e.g., `\hobx'), type `I' and the correct
spelling (e.g., `I\hbox'). Otherwise just continue,
and I'll forget about whatever was undefined.

Missing character: There is no O in font nullfont!
! Undefined control sequence.
<argument> ...\+S\+E/\+Workspace/\+Free\+R\+T\+O\+
                                                  S-\/\+Drivers/inc/{\bfseri...
l.5 ...serial.\+h} }{\pageref{rtosespserial_8h}}{}
                                                  
The control sequence at the end of the top line
of your error message was never \def'ed. If you have
misspelled it (e.g., `\hobx'), type `I' and the correct
spelling (e.g., `I\hbox'). Otherwise just continue,
and I'll forget about whatever was undefined.

Missing character: There is no S in font nullfont!
Missing character: There is no - in font nullfont!
! Undefined control sequence.
<argument> .../\+Workspace/\+Free\+R\+T\+O\+S-\/\+
                                                  Drivers/inc/{\bfseries rto...
l.5 ...serial.\+h} }{\pageref{rtosespserial_8h}}{}
                                                  
The control sequence at the end of the top line
of your error message was never \def'ed. If you have
misspelled it (e.g., `\hobx'), type `I' and the correct
spelling (e.g., `I\hbox'). Otherwise just continue,
and I'll forget about whatever was undefined.

Missing character: There is no D in font nullfont!
Missing character: There is no r in font nullfont!
Missing character: There is no i in font nullfont!
Missing character: There is no v in font nullfont!
Missing character: There is no e in font nullfont!
Missing character: There is no r in font nullfont!
Missing character: There is no s in font nullfont!
Missing character: There is no / in font nullfont!
Missing character: There is no i in font nullfont!
Missing character: There is no n in font nullfont!
Missing character: There is no c in font nullfont!
Missing character: There is no / in font nullfont!
! Undefined control sequence.
<argument> ...vers/inc/{\bfseries rtosespserial.\+
                                                  h} 
l.5 ...serial.\+h} }{\pageref{rtosespserial_8h}}{}
                                                  
The control sequence at the end of the top line
of your error message was never \def'ed. If you have
misspelled it (e.g., `\hobx'), type `I' and the correct
spelling (e.g., `I\hbox'). Otherwise just continue,
and I'll forget about whatever was undefined.

! Undefined control sequence.
<write> ...ce `rtosespserial_8h' on page \thepage 
                                                  \space undefined\on@line .
l.5 ...serial.\+h} }{\pageref{rtosespserial_8h}}{}
                                                  
The control sequence at the end of the top line
of your error message was never \def'ed. If you have
misspelled it (e.g., `\hobx'), type `I' and the correct
spelling (e.g., `I\hbox'). Otherwise just continue,
and I'll forget about whatever was undefined.


LaTeX Warning: Reference `rtosespserial_8h' on page  undefined on input line 5.



! LaTeX Error: Something's wrong--perhaps a missing \item.

See the LaTeX manual or LaTeX Companion for explanation.
Type  H <return>  for immediate help.
 ...                                              
                                                  
l.6 \item\contentsline
                      {section}{C\+:/\+Users/alext/\+Desktop/\+S\+E/\+Worksp...

Try typing  <return>  to proceed.
If that doesn't work, type  X <return>  to quit.


! LaTeX Error: Something's wrong--perhaps a missing \item.

See the LaTeX manual or LaTeX Companion for explanation.
Type  H <return>  for immediate help.
 ...                                              
                                                  
l.6 \item\contentsline
                      {section}{C\+:/\+Users/alext/\+Desktop/\+S\+E/\+Worksp...

Try typing  <return>  to proceed.
If that doesn't work, type  X <return>  to quit.


! LaTeX Error: Lonely \item--perhaps a missing list environment.

See the LaTeX manual or LaTeX Companion for explanation.
Type  H <return>  for immediate help.
 ...                                              
                                                  
l.6 \item\contentsline
                      {section}{C\+:/\+Users/alext/\+Desktop/\+S\+E/\+Worksp...

Try typing  <return>  to proceed.
If that doesn't work, type  X <return>  to quit.

Missing character: There is no C in font nullfont!
! Undefined control sequence.
<argument> C\+
              :/\+Users/alext/\+Desktop/\+S\+E/\+Workspace/\+Free\+R\+T\+O\+...
l.6 ...+C\+D\+Text A\+PI }{\pageref{rtoslcd_8h}}{}
                                                  
The control sequence at the end of the top line
of your error message was never \def'ed. If you have
misspelled it (e.g., `\hobx'), type `I' and the correct
spelling (e.g., `I\hbox'). Otherwise just continue,
and I'll forget about whatever was undefined.

Missing character: There is no : in font nullfont!
Missing character: There is no / in font nullfont!
! Undefined control sequence.
<argument> C\+:/\+
                  Users/alext/\+Desktop/\+S\+E/\+Workspace/\+Free\+R\+T\+O\+...
l.6 ...+C\+D\+Text A\+PI }{\pageref{rtoslcd_8h}}{}
                                                  
The control sequence at the end of the top line
of your error message was never \def'ed. If you have
misspelled it (e.g., `\hobx'), type `I' and the correct
spelling (e.g., `I\hbox'). Otherwise just continue,
and I'll forget about whatever was undefined.

Missing character: There is no U in font nullfont!
Missing character: There is no s in font nullfont!
Missing character: There is no e in font nullfont!
Missing character: There is no r in font nullfont!
Missing character: There is no s in font nullfont!
Missing character: There is no / in font nullfont!
Missing character: There is no a in font nullfont!
Missing character: There is no l in font nullfont!
Missing character: There is no e in font nullfont!
Missing character: There is no x in font nullfont!
Missing character: There is no t in font nullfont!
Missing character: There is no / in font nullfont!
! Undefined control sequence.
<argument> C\+:/\+Users/alext/\+
                                Desktop/\+S\+E/\+Workspace/\+Free\+R\+T\+O\+...
l.6 ...+C\+D\+Text A\+PI }{\pageref{rtoslcd_8h}}{}
                                                  
The control sequence at the end of the top line
of your error message was never \def'ed. If you have
misspelled it (e.g., `\hobx'), type `I' and the correct
spelling (e.g., `I\hbox'). Otherwise just continue,
and I'll forget about whatever was undefined.

Missing character: There is no D in font nullfont!
Missing character: There is no e in font nullfont!
Missing character: There is no s in font nullfont!
Missing character: There is no k in font nullfont!
Missing character: There is no t in font nullfont!
Missing character: There is no o in font nullfont!
Missing character: There is no p in font nullfont!
Missing character: There is no / in font nullfont!
! Undefined control sequence.
<argument> C\+:/\+Users/alext/\+Desktop/\+
                                          S\+E/\+Workspace/\+Free\+R\+T\+O\+...
l.6 ...+C\+D\+Text A\+PI }{\pageref{rtoslcd_8h}}{}
                                                  
The control sequence at the end of the top line
of your error message was never \def'ed. If you have
misspelled it (e.g., `\hobx'), type `I' and the correct
spelling (e.g., `I\hbox'). Otherwise just continue,
and I'll forget about whatever was undefined.

Missing character: There is no S in font nullfont!
! Undefined control sequence.
<argument> C\+:/\+Users/alext/\+Desktop/\+S\+
                                             E/\+Workspace/\+Free\+R\+T\+O\+...
l.6 ...+C\+D\+Text A\+PI }{\pageref{rtoslcd_8h}}{}
                                                  
The control sequence at the end of the top line
of your error message was never \def'ed. If you have
misspelled it (e.g., `\hobx'), type `I' and the correct
spelling (e.g., `I\hbox'). Otherwise just continue,
and I'll forget about whatever was undefined.

Missing character: There is no E in font nullfont!
Missing character: There is no / in font nullfont!
! Undefined control sequence.
<argument> C\+:/\+Users/alext/\+Desktop/\+S\+E/\+
                                                 Workspace/\+Free\+R\+T\+O\+...
l.6 ...+C\+D\+Text A\+PI }{\pageref{rtoslcd_8h}}{}
                                                  
The control sequence at the end of the top line
of your error message was never \def'ed. If you have
misspelled it (e.g., `\hobx'), type `I' and the correct
spelling (e.g., `I\hbox'). Otherwise just continue,
and I'll forget about whatever was undefined.

Missing character: There is no W in font nullfont!
Missing character: There is no o in font nullfont!
Missing character: There is no r in font nullfont!
Missing character: There is no k in font nullfont!
Missing character: There is no s in font nullfont!
Missing character: There is no p in font nullfont!
Missing character: There is no a in font nullfont!
Missing character: There is no c in font nullfont!
Missing character: There is no e in font nullfont!
Missing character: There is no / in font nullfont!
! Undefined control sequence.
<argument> ...lext/\+Desktop/\+S\+E/\+Workspace/\+
                                                  Free\+R\+T\+O\+S-\/\+Drive...
l.6 ...+C\+D\+Text A\+PI }{\pageref{rtoslcd_8h}}{}
                                                  
The control sequence at the end of the top line
of your error message was never \def'ed. If you have
misspelled it (e.g., `\hobx'), type `I' and the correct
spelling (e.g., `I\hbox'). Otherwise just continue,
and I'll forget about whatever was undefined.

Missing character: There is no F in font nullfont!
Missing character: There is no r in font nullfont!
Missing character: There is no e in font nullfont!
Missing character: There is no e in font nullfont!
! Undefined control sequence.
<argument> ...+Desktop/\+S\+E/\+Workspace/\+Free\+
                                                  R\+T\+O\+S-\/\+Drivers/inc...
l.6 ...+C\+D\+Text A\+PI }{\pageref{rtoslcd_8h}}{}
                                                  
The control sequence at the end of the top line
of your error message was never \def'ed. If you have
misspelled it (e.g., `\hobx'), type `I' and the correct
spelling (e.g., `I\hbox'). Otherwise just continue,
and I'll forget about whatever was undefined.

Missing character: There is no R in font nullfont!
! Undefined control sequence.
<argument> ...sktop/\+S\+E/\+Workspace/\+Free\+R\+
                                                  T\+O\+S-\/\+Drivers/inc/\m...
l.6 ...+C\+D\+Text A\+PI }{\pageref{rtoslcd_8h}}{}
                                                  
The control sequence at the end of the top line
of your error message was never \def'ed. If you have
misspelled it (e.g., `\hobx'), type `I' and the correct
spelling (e.g., `I\hbox'). Otherwise just continue,
and I'll forget about whatever was undefined.

Missing character: There is no T in font nullfont!
! Undefined control sequence.
<argument> ...op/\+S\+E/\+Workspace/\+Free\+R\+T\+
                                                  O\+S-\/\+Drivers/inc/\mbox...
l.6 ...+C\+D\+Text A\+PI }{\pageref{rtoslcd_8h}}{}
                                                  
The control sequence at the end of the top line
of your error message was never \def'ed. If you have
misspelled it (e.g., `\hobx'), type `I' and the correct
spelling (e.g., `I\hbox'). Otherwise just continue,
and I'll forget about whatever was undefined.

Missing character: There is no O in font nullfont!
! Undefined control sequence.
<argument> ...\+S\+E/\+Workspace/\+Free\+R\+T\+O\+
                                                  S-\/\+Drivers/inc/\mbox {\...
l.6 ...+C\+D\+Text A\+PI }{\pageref{rtoslcd_8h}}{}
                                                  
The control sequence at the end of the top line
of your error message was never \def'ed. If you have
misspelled it (e.g., `\hobx'), type `I' and the correct
spelling (e.g., `I\hbox'). Otherwise just continue,
and I'll forget about whatever was undefined.

Missing character: There is no S in font nullfont!
Missing character: There is no - in font nullfont!
! Undefined control sequence.
<argument> .../\+Workspace/\+Free\+R\+T\+O\+S-\/\+
                                                  Drivers/inc/\mbox {\hyperl...
l.6 ...+C\+D\+Text A\+PI }{\pageref{rtoslcd_8h}}{}
                                                  
The control sequence at the end of the top line
of your error message was never \def'ed. If you have
misspelled it (e.g., `\hobx'), type `I' and the correct
spelling (e.g., `I\hbox'). Otherwise just continue,
and I'll forget about whatever was undefined.

Missing character: There is no D in font nullfont!
Missing character: There is no r in font nullfont!
Missing character: There is no i in font nullfont!
Missing character: There is no v in font nullfont!
Missing character: There is no e in font nullfont!
Missing character: There is no r in font nullfont!
Missing character: There is no s in font nullfont!
Missing character: There is no / in font nullfont!
Missing character: There is no i in font nullfont!
Missing character: There is no n in font nullfont!
Missing character: There is no c in font nullfont!
Missing character: There is no / in font nullfont!
! Undefined control sequence.
<argument> \hyperlink 
                      {rtoslcd_8h}{rtoslcd.\+h}
l.6 ...+C\+D\+Text A\+PI }{\pageref{rtoslcd_8h}}{}
                                                  
The control sequence at the end of the top line
of your error message was never \def'ed. If you have
misspelled it (e.g., `\hobx'), type `I' and the correct
spelling (e.g., `I\hbox'). Otherwise just continue,
and I'll forget about whatever was undefined.

Missing character: There is no r in font nullfont!
Missing character: There is no t in font nullfont!
Missing character: There is no o in font nullfont!
Missing character: There is no s in font nullfont!
Missing character: There is no l in font nullfont!
Missing character: There is no c in font nullfont!
Missing character: There is no d in font nullfont!
! Missing $ inserted.
<inserted text> 
                $
l.6 ...+C\+D\+Text A\+PI }{\pageref{rtoslcd_8h}}{}
                                                  
I've inserted a begin-math/end-math symbol since I think
you left one out. Proceed, with fingers crossed.

! Extra }, or forgotten $.
<argument> \hyperlink {rtoslcd_8h}
                                  {rtoslcd.\+h}
l.6 ...+C\+D\+Text A\+PI }{\pageref{rtoslcd_8h}}{}
                                                  
I've deleted a group-closing symbol because it seems to be
spurious, as in `$x}$'. But perhaps the } is legitimate and
you forgot something else, as in `\hbox{$x}'. In such cases
the way to recover is to insert both the forgotten and the
deleted material, e.g., by typing `I$}'.

! Undefined control sequence.
<argument> \hyperlink {rtoslcd_8h}{rtoslcd.\+
                                             h}
l.6 ...+C\+D\+Text A\+PI }{\pageref{rtoslcd_8h}}{}
                                                  
The control sequence at the end of the top line
of your error message was never \def'ed. If you have
misspelled it (e.g., `\hobx'), type `I' and the correct
spelling (e.g., `I\hbox'). Otherwise just continue,
and I'll forget about whatever was undefined.

! Extra }, or forgotten $.
\mbox  #1->\leavevmode \hbox {#1}
                                 
l.6 ...+C\+D\+Text A\+PI }{\pageref{rtoslcd_8h}}{}
                                                  
I've deleted a group-closing symbol because it seems to be
spurious, as in `$x}$'. But perhaps the } is legitimate and
you forgot something else, as in `\hbox{$x}'. In such cases
the way to recover is to insert both the forgotten and the
deleted material, e.g., by typing `I$}'.

! Undefined control sequence.
<argument> ...rtoslcd.\+h}} \\*Contains the rtos\+
                                                  L\+C\+D\+Text A\+PI 
l.6 ...+C\+D\+Text A\+PI }{\pageref{rtoslcd_8h}}{}
                                                  
The control sequence at the end of the top line
of your error message was never \def'ed. If you have
misspelled it (e.g., `\hobx'), type `I' and the correct
spelling (e.g., `I\hbox'). Otherwise just continue,
and I'll forget about whatever was undefined.

! Undefined control sequence.
<argument> ...slcd.\+h}} \\*Contains the rtos\+L\+
                                                  C\+D\+Text A\+PI 
l.6 ...+C\+D\+Text A\+PI }{\pageref{rtoslcd_8h}}{}
                                                  
The control sequence at the end of the top line
of your error message was never \def'ed. If you have
misspelled it (e.g., `\hobx'), type `I' and the correct
spelling (e.g., `I\hbox'). Otherwise just continue,
and I'll forget about whatever was undefined.

! Undefined control sequence.
<argument> ...d.\+h}} \\*Contains the rtos\+L\+C\+
                                                  D\+Text A\+PI 
l.6 ...+C\+D\+Text A\+PI }{\pageref{rtoslcd_8h}}{}
                                                  
The control sequence at the end of the top line
of your error message was never \def'ed. If you have
misspelled it (e.g., `\hobx'), type `I' and the correct
spelling (e.g., `I\hbox'). Otherwise just continue,
and I'll forget about whatever was undefined.

! Undefined control sequence.
<argument> ...+h}} \\*Contains the rtos\+L\+C\+D\+
                                                  Text A\+PI 
l.6 ...+C\+D\+Text A\+PI }{\pageref{rtoslcd_8h}}{}
                                                  
The control sequence at the end of the top line
of your error message was never \def'ed. If you have
misspelled it (e.g., `\hobx'), type `I' and the correct
spelling (e.g., `I\hbox'). Otherwise just continue,
and I'll forget about whatever was undefined.

! Undefined control sequence.
<argument> ...Contains the rtos\+L\+C\+D\+Text A\+
                                                  PI 
l.6 ...+C\+D\+Text A\+PI }{\pageref{rtoslcd_8h}}{}
                                                  
The control sequence at the end of the top line
of your error message was never \def'ed. If you have
misspelled it (e.g., `\hobx'), type `I' and the correct
spelling (e.g., `I\hbox'). Otherwise just continue,
and I'll forget about whatever was undefined.

! Extra }, or forgotten $.
\contentsline ...n {#4}\csname l@#1\endcsname {#2}
                                                  {#3}
l.6 ...+C\+D\+Text A\+PI }{\pageref{rtoslcd_8h}}{}
                                                  
I've deleted a group-closing symbol because it seems to be
spurious, as in `$x}$'. But perhaps the } is legitimate and
you forgot something else, as in `\hbox{$x}'. In such cases
the way to recover is to insert both the forgotten and the
deleted material, e.g., by typing `I$}'.

! Undefined control sequence.
<write> ...eference `rtoslcd_8h' on page \thepage 
                                                  \space undefined\on@line .
l.6 ...+C\+D\+Text A\+PI }{\pageref{rtoslcd_8h}}{}
                                                  
The control sequence at the end of the top line
of your error message was never \def'ed. If you have
misspelled it (e.g., `\hobx'), type `I' and the correct
spelling (e.g., `I\hbox'). Otherwise just continue,
and I'll forget about whatever was undefined.


LaTeX Warning: Reference `rtoslcd_8h' on page  undefined on input line 6.


! LaTeX Error: Command \item invalid in math mode.

See the LaTeX manual or LaTeX Companion for explanation.
Type  H <return>  for immediate help.
 ...                                              
                                                  
l.7 \item
         \contentsline{section}{C\+:/\+Users/alext/\+Desktop/\+S\+E/\+Worksp...

Try typing  <return>  to proceed.
If that doesn't work, type  X <return>  to quit.

! Missing $ inserted.
<inserted text> 
                $
l.7 \item\contentsline
                      {section}{C\+:/\+Users/alext/\+Desktop/\+S\+E/\+Worksp...
(That makes 100 errors; please try again.) 
Here is how much of TeX's memory you used:
 29 strings out of 475385
 590 string characters out of 2776907
 341166 words of memory out of 3000000
 21509 multiletter control sequences out of 15000+600000
 469567 words of font info for 29 fonts, out of 8000000 for 9000
 1141 hyphenation exceptions out of 8191
 22i,10n,18p,290b,202s stack positions out of 10000i,1000n,20000p,200000b,80000s

!  ==> Fatal error occurred, no output PDF file produced!
