\BOOKMARK [0][-]{chapter.1}{\376\377\0001\000\040\000M\000o\000d\000u\000l\000e\000\040\000I\000n\000d\000e\000x}{}% 1
\BOOKMARK [1][-]{section.1.1}{\376\377\0001\000.\0001\000\040\000M\000o\000d\000u\000l\000e\000s}{chapter.1}% 2
\BOOKMARK [0][-]{chapter.2}{\376\377\0002\000\040\000F\000i\000l\000e\000\040\000I\000n\000d\000e\000x}{}% 3
\BOOKMARK [1][-]{section.2.1}{\376\377\0002\000.\0001\000\040\000F\000i\000l\000e\000\040\000L\000i\000s\000t}{chapter.2}% 4
\BOOKMARK [0][-]{chapter.3}{\376\377\0003\000\040\000M\000o\000d\000u\000l\000e\000\040\000D\000o\000c\000u\000m\000e\000n\000t\000a\000t\000i\000o\000n}{}% 5
\BOOKMARK [1][-]{section.3.1}{\376\377\0003\000.\0001\000\040\000F\000r\000e\000e\000R\000T\000O\000S\000-\000D\000r\000i\000v\000e\000r\000s}{chapter.3}% 6
\BOOKMARK [2][-]{subsection.3.1.1}{\376\377\0003\000.\0001\000.\0001\000\040\000D\000e\000t\000a\000i\000l\000e\000d\000\040\000D\000e\000s\000c\000r\000i\000p\000t\000i\000o\000n}{section.3.1}% 7
\BOOKMARK [1][-]{section.3.2}{\376\377\0003\000.\0002\000\040\000L\000i\000b\000r\000a\000r\000y\000\040\000i\000n\000f\000o\000r\000m\000a\000t\000i\000o\000n}{chapter.3}% 8
\BOOKMARK [2][-]{subsection.3.2.1}{\376\377\0003\000.\0002\000.\0001\000\040\000D\000e\000t\000a\000i\000l\000e\000d\000\040\000D\000e\000s\000c\000r\000i\000p\000t\000i\000o\000n}{section.3.2}% 9
\BOOKMARK [2][-]{subsection.3.2.2}{\376\377\0003\000.\0002\000.\0002\000\040\000F\000u\000n\000c\000t\000i\000o\000n\000\040\000D\000o\000c\000u\000m\000e\000n\000t\000a\000t\000i\000o\000n}{section.3.2}% 10
\BOOKMARK [3][-]{subsubsection.3.2.2.1}{\376\377\0003\000.\0002\000.\0002\000.\0001\000\040\000I\000N\000F\000O\000\137\000G\000e\000t\000V\000e\000r\000s\000i\000o\000n\000\050\000\051}{subsection.3.2.2}% 11
\BOOKMARK [1][-]{section.3.3}{\376\377\0003\000.\0003\000\040\000B\000H\0001\0007\0005\0000}{chapter.3}% 12
\BOOKMARK [2][-]{subsection.3.3.1}{\376\377\0003\000.\0003\000.\0001\000\040\000D\000e\000t\000a\000i\000l\000e\000d\000\040\000D\000e\000s\000c\000r\000i\000p\000t\000i\000o\000n}{section.3.3}% 13
\BOOKMARK [2][-]{subsection.3.3.2}{\376\377\0003\000.\0003\000.\0002\000\040\000M\000a\000c\000r\000o\000\040\000D\000e\000f\000i\000n\000i\000t\000i\000o\000n\000\040\000D\000o\000c\000u\000m\000e\000n\000t\000a\000t\000i\000o\000n}{section.3.3}% 14
\BOOKMARK [3][-]{subsubsection.3.3.2.1}{\376\377\0003\000.\0003\000.\0002\000.\0001\000\040\000R\000T\000O\000S\000\137\000B\000H\0001\0007\0005\0000\000\137\000Q\000U\000E\000U\000E\000S\000\137\000S\000I\000Z\000E}{subsection.3.3.2}% 15
\BOOKMARK [3][-]{subsubsection.3.3.2.2}{\376\377\0003\000.\0003\000.\0002\000.\0002\000\040\000R\000T\000O\000S\000\137\000B\000H\0001\0007\0005\0000\000\137\000T\000A\000S\000K\000\137\000S\000T\000A\000C\000K\000\137\000S\000I\000Z\000E}{subsection.3.3.2}% 16
\BOOKMARK [2][-]{subsection.3.3.3}{\376\377\0003\000.\0003\000.\0003\000\040\000E\000n\000u\000m\000e\000r\000a\000t\000i\000o\000n\000\040\000T\000y\000p\000e\000\040\000D\000o\000c\000u\000m\000e\000n\000t\000a\000t\000i\000o\000n}{section.3.3}% 17
\BOOKMARK [3][-]{subsubsection.3.3.3.1}{\376\377\0003\000.\0003\000.\0003\000.\0001\000\040\000B\000H\0001\0007\0005\0000\000M\000e\000a\000s\000u\000r\000e\000m\000e\000n\000t\000T\000i\000m\000e\000E\000n\000u\000m}{subsection.3.3.3}% 18
\BOOKMARK [3][-]{subsubsection.3.3.3.2}{\376\377\0003\000.\0003\000.\0003\000.\0002\000\040\000B\000H\0001\0007\0005\0000\000M\000o\000d\000e\000E\000n\000u\000m}{subsection.3.3.3}% 19
\BOOKMARK [2][-]{subsection.3.3.4}{\376\377\0003\000.\0003\000.\0004\000\040\000F\000u\000n\000c\000t\000i\000o\000n\000\040\000D\000o\000c\000u\000m\000e\000n\000t\000a\000t\000i\000o\000n}{section.3.3}% 20
\BOOKMARK [3][-]{subsubsection.3.3.4.1}{\376\377\0003\000.\0003\000.\0004\000.\0001\000\040\000r\000t\000o\000s\000B\000H\0001\0007\0005\0000\000\137\000C\000o\000n\000f\000i\000g\000u\000r\000e\000M\000o\000d\000e\000\050\000\051}{subsection.3.3.4}% 21
\BOOKMARK [3][-]{subsubsection.3.3.4.2}{\376\377\0003\000.\0003\000.\0004\000.\0002\000\040\000r\000t\000o\000s\000B\000H\0001\0007\0005\0000\000\137\000G\000e\000t\000L\000i\000g\000h\000t\000\050\000\051}{subsection.3.3.4}% 22
\BOOKMARK [3][-]{subsubsection.3.3.4.3}{\376\377\0003\000.\0003\000.\0004\000.\0003\000\040\000r\000t\000o\000s\000B\000H\0001\0007\0005\0000\000\137\000I\000n\000i\000t\000\050\000\051}{subsection.3.3.4}% 23
\BOOKMARK [3][-]{subsubsection.3.3.4.4}{\376\377\0003\000.\0003\000.\0004\000.\0004\000\040\000r\000t\000o\000s\000B\000H\0001\0007\0005\0000\000\137\000R\000e\000a\000d\000y\000\050\000\051}{subsection.3.3.4}% 24
\BOOKMARK [3][-]{subsubsection.3.3.4.5}{\376\377\0003\000.\0003\000.\0004\000.\0005\000\040\000r\000t\000o\000s\000B\000H\0001\0007\0005\0000\000\137\000S\000e\000t\000M\000e\000a\000s\000u\000r\000e\000m\000e\000n\000t\000T\000i\000m\000e\000\050\000\051}{subsection.3.3.4}% 25
\BOOKMARK [1][-]{section.3.4}{\376\377\0003\000.\0004\000\040\000E\000N\000C\000O\000D\000E\000R}{chapter.3}% 26
\BOOKMARK [2][-]{subsection.3.4.1}{\376\377\0003\000.\0004\000.\0001\000\040\000D\000e\000t\000a\000i\000l\000e\000d\000\040\000D\000e\000s\000c\000r\000i\000p\000t\000i\000o\000n}{section.3.4}% 27
\BOOKMARK [2][-]{subsection.3.4.2}{\376\377\0003\000.\0004\000.\0002\000\040\000M\000a\000c\000r\000o\000\040\000D\000e\000f\000i\000n\000i\000t\000i\000o\000n\000\040\000D\000o\000c\000u\000m\000e\000n\000t\000a\000t\000i\000o\000n}{section.3.4}% 28
\BOOKMARK [3][-]{subsubsection.3.4.2.1}{\376\377\0003\000.\0004\000.\0002\000.\0001\000\040\000R\000T\000O\000S\000\137\000E\000N\000C\000O\000D\000E\000R\000\137\000Q\000U\000E\000U\000E\000S\000\137\000S\000I\000Z\000E}{subsection.3.4.2}% 29
\BOOKMARK [3][-]{subsubsection.3.4.2.2}{\376\377\0003\000.\0004\000.\0002\000.\0002\000\040\000R\000T\000O\000S\000\137\000E\000N\000C\000O\000D\000E\000R\000\137\000T\000A\000S\000K\000\137\000S\000T\000A\000C\000K\000\137\000S\000I\000Z\000E}{subsection.3.4.2}% 30
\BOOKMARK [2][-]{subsection.3.4.3}{\376\377\0003\000.\0004\000.\0003\000\040\000E\000n\000u\000m\000e\000r\000a\000t\000i\000o\000n\000\040\000T\000y\000p\000e\000\040\000D\000o\000c\000u\000m\000e\000n\000t\000a\000t\000i\000o\000n}{section.3.4}% 31
\BOOKMARK [3][-]{subsubsection.3.4.3.1}{\376\377\0003\000.\0004\000.\0003\000.\0001\000\040\000B\000u\000t\000t\000o\000n\000E\000n\000u\000m}{subsection.3.4.3}% 32
\BOOKMARK [2][-]{subsection.3.4.4}{\376\377\0003\000.\0004\000.\0004\000\040\000F\000u\000n\000c\000t\000i\000o\000n\000\040\000D\000o\000c\000u\000m\000e\000n\000t\000a\000t\000i\000o\000n}{section.3.4}% 33
\BOOKMARK [3][-]{subsubsection.3.4.4.1}{\376\377\0003\000.\0004\000.\0004\000.\0001\000\040\000r\000t\000o\000s\000E\000N\000C\000O\000D\000E\000R\000\137\000G\000e\000t\000B\000u\000t\000t\000o\000n\000\050\000\051}{subsection.3.4.4}% 34
\BOOKMARK [3][-]{subsubsection.3.4.4.2}{\376\377\0003\000.\0004\000.\0004\000.\0002\000\040\000r\000t\000o\000s\000E\000N\000C\000O\000D\000E\000R\000\137\000G\000e\000t\000V\000a\000l\000u\000e\000\050\000\051}{subsection.3.4.4}% 35
\BOOKMARK [3][-]{subsubsection.3.4.4.3}{\376\377\0003\000.\0004\000.\0004\000.\0003\000\040\000r\000t\000o\000s\000E\000N\000C\000O\000D\000E\000R\000\137\000I\000n\000i\000t\000\050\000\051}{subsection.3.4.4}% 36
\BOOKMARK [1][-]{section.3.5}{\376\377\0003\000.\0005\000\040\000E\000S\000P\0008\0002\0006\0006\000\040\000s\000e\000r\000i\000a\000l\000\040\000i\000n\000t\000e\000r\000f\000a\000c\000e}{chapter.3}% 37
\BOOKMARK [2][-]{subsection.3.5.1}{\376\377\0003\000.\0005\000.\0001\000\040\000D\000e\000t\000a\000i\000l\000e\000d\000\040\000D\000e\000s\000c\000r\000i\000p\000t\000i\000o\000n}{section.3.5}% 38
\BOOKMARK [2][-]{subsection.3.5.2}{\376\377\0003\000.\0005\000.\0002\000\040\000M\000a\000c\000r\000o\000\040\000D\000e\000f\000i\000n\000i\000t\000i\000o\000n\000\040\000D\000o\000c\000u\000m\000e\000n\000t\000a\000t\000i\000o\000n}{section.3.5}% 39
\BOOKMARK [3][-]{subsubsection.3.5.2.1}{\376\377\0003\000.\0005\000.\0002\000.\0001\000\040\000R\000T\000O\000S\000\137\000E\000S\000P\000S\000E\000R\000I\000A\000L\000\137\000B\000U\000F\000F\000E\000R\000\137\000S\000I\000Z\000E}{subsection.3.5.2}% 40
\BOOKMARK [3][-]{subsubsection.3.5.2.2}{\376\377\0003\000.\0005\000.\0002\000.\0002\000\040\000R\000T\000O\000S\000\137\000E\000S\000P\000S\000E\000R\000I\000A\000L\000\137\000B\000U\000F\000F\000E\000R\000R\000E\000F\000R\000E\000S\000H\000\137\000T\000I\000M\000E\000O\000U\000T}{subsection.3.5.2}% 41
\BOOKMARK [3][-]{subsubsection.3.5.2.3}{\376\377\0003\000.\0005\000.\0002\000.\0003\000\040\000R\000T\000O\000S\000\137\000E\000S\000P\000S\000E\000R\000I\000A\000L\000\137\000D\000E\000F\000A\000U\000L\000T\000\137\000S\000E\000T\000U\000P}{subsection.3.5.2}% 42
\BOOKMARK [3][-]{subsubsection.3.5.2.4}{\376\377\0003\000.\0005\000.\0002\000.\0004\000\040\000R\000T\000O\000S\000\137\000E\000S\000P\000S\000E\000R\000I\000A\000L\000\137\000L\000O\000N\000G\000\137\000P\000A\000U\000S\000E}{subsection.3.5.2}% 43
\BOOKMARK [3][-]{subsubsection.3.5.2.5}{\376\377\0003\000.\0005\000.\0002\000.\0005\000\040\000R\000T\000O\000S\000\137\000E\000S\000P\000S\000E\000R\000I\000A\000L\000\137\000P\000R\000I\000N\000T\000F\000\137\000D\000E\000B\000U\000G}{subsection.3.5.2}% 44
\BOOKMARK [3][-]{subsubsection.3.5.2.6}{\376\377\0003\000.\0005\000.\0002\000.\0006\000\040\000R\000T\000O\000S\000\137\000E\000S\000P\000S\000E\000R\000I\000A\000L\000\137\000Q\000U\000E\000U\000E\000S\000\137\000S\000I\000Z\000E}{subsection.3.5.2}% 45
\BOOKMARK [3][-]{subsubsection.3.5.2.7}{\376\377\0003\000.\0005\000.\0002\000.\0007\000\040\000R\000T\000O\000S\000\137\000E\000S\000P\000S\000E\000R\000I\000A\000L\000\137\000R\000E\000F\000R\000E\000S\000H\000\137\000P\000E\000R\000I\000O\000D\000\137\000M\000S}{subsection.3.5.2}% 46
\BOOKMARK [3][-]{subsubsection.3.5.2.8}{\376\377\0003\000.\0005\000.\0002\000.\0008\000\040\000R\000T\000O\000S\000\137\000E\000S\000P\000S\000E\000R\000I\000A\000L\000\137\000R\000E\000S\000T\000O\000R\000E\000\137\000O\000N\000\137\000D\000E\000F\000A\000U\000L\000T\000\137\000S\000E\000T\000U\000P}{subsection.3.5.2}% 47
\BOOKMARK [3][-]{subsubsection.3.5.2.9}{\376\377\0003\000.\0005\000.\0002\000.\0009\000\040\000R\000T\000O\000S\000\137\000E\000S\000P\000S\000E\000R\000I\000A\000L\000\137\000S\000E\000T\000U\000P\000\137\000T\000A\000S\000K\000\137\000S\000T\000A\000C\000K\000\137\000S\000I\000Z\000E}{subsection.3.5.2}% 48
\BOOKMARK [3][-]{subsubsection.3.5.2.10}{\376\377\0003\000.\0005\000.\0002\000.\0001\0000\000\040\000R\000T\000O\000S\000\137\000E\000S\000P\000S\000E\000R\000I\000A\000L\000\137\000S\000E\000T\000U\000P\000\137\000T\000I\000M\000E\000O\000U\000T}{subsection.3.5.2}% 49
\BOOKMARK [3][-]{subsubsection.3.5.2.11}{\376\377\0003\000.\0005\000.\0002\000.\0001\0001\000\040\000R\000T\000O\000S\000\137\000E\000S\000P\000S\000E\000R\000I\000A\000L\000\137\000S\000H\000O\000R\000T\000\137\000P\000A\000U\000S\000E}{subsection.3.5.2}% 50
\BOOKMARK [2][-]{subsection.3.5.3}{\376\377\0003\000.\0005\000.\0003\000\040\000E\000n\000u\000m\000e\000r\000a\000t\000i\000o\000n\000\040\000T\000y\000p\000e\000\040\000D\000o\000c\000u\000m\000e\000n\000t\000a\000t\000i\000o\000n}{section.3.5}% 51
\BOOKMARK [3][-]{subsubsection.3.5.3.1}{\376\377\0003\000.\0005\000.\0003\000.\0001\000\040\000E\000S\000P\000S\000t\000a\000t\000e\000\137\000t}{subsection.3.5.3}% 52
\BOOKMARK [2][-]{subsection.3.5.4}{\376\377\0003\000.\0005\000.\0004\000\040\000F\000u\000n\000c\000t\000i\000o\000n\000\040\000D\000o\000c\000u\000m\000e\000n\000t\000a\000t\000i\000o\000n}{section.3.5}% 53
\BOOKMARK [3][-]{subsubsection.3.5.4.1}{\376\377\0003\000.\0005\000.\0004\000.\0001\000\040\000r\000t\000o\000s\000E\000S\000P\000S\000E\000R\000I\000A\000L\000\137\000C\000l\000e\000a\000r\000\050\000\051}{subsection.3.5.4}% 54
\BOOKMARK [3][-]{subsubsection.3.5.4.2}{\376\377\0003\000.\0005\000.\0004\000.\0002\000\040\000r\000t\000o\000s\000E\000S\000P\000S\000E\000R\000I\000A\000L\000\137\000F\000i\000n\000d\000S\000t\000r\000\050\000\051}{subsection.3.5.4}% 55
\BOOKMARK [3][-]{subsubsection.3.5.4.3}{\376\377\0003\000.\0005\000.\0004\000.\0003\000\040\000r\000t\000o\000s\000E\000S\000P\000S\000E\000R\000I\000A\000L\000\137\000I\000n\000i\000t\000\050\000\051}{subsection.3.5.4}% 56
\BOOKMARK [3][-]{subsubsection.3.5.4.4}{\376\377\0003\000.\0005\000.\0004\000.\0004\000\040\000r\000t\000o\000s\000E\000S\000P\000S\000E\000R\000I\000A\000L\000\137\000L\000o\000c\000k\000B\000e\000g\000i\000n\000\050\000\051}{subsection.3.5.4}% 57
\BOOKMARK [3][-]{subsubsection.3.5.4.5}{\376\377\0003\000.\0005\000.\0004\000.\0005\000\040\000r\000t\000o\000s\000E\000S\000P\000S\000E\000R\000I\000A\000L\000\137\000L\000o\000c\000k\000E\000n\000d\000\050\000\051}{subsection.3.5.4}% 58
\BOOKMARK [3][-]{subsubsection.3.5.4.6}{\376\377\0003\000.\0005\000.\0004\000.\0006\000\040\000r\000t\000o\000s\000E\000S\000P\000S\000E\000R\000I\000A\000L\000\137\000R\000e\000a\000d\000L\000i\000n\000e\000\050\000\051}{subsection.3.5.4}% 59
\BOOKMARK [3][-]{subsubsection.3.5.4.7}{\376\377\0003\000.\0005\000.\0004\000.\0007\000\040\000r\000t\000o\000s\000E\000S\000P\000S\000E\000R\000I\000A\000L\000\137\000R\000e\000c\000v\000\050\000\051}{subsection.3.5.4}% 60
\BOOKMARK [3][-]{subsubsection.3.5.4.8}{\376\377\0003\000.\0005\000.\0004\000.\0008\000\040\000r\000t\000o\000s\000E\000S\000P\000S\000E\000R\000I\000A\000L\000\137\000R\000e\000c\000v\000B\000y\000t\000e\000\050\000\051}{subsection.3.5.4}% 61
\BOOKMARK [3][-]{subsubsection.3.5.4.9}{\376\377\0003\000.\0005\000.\0004\000.\0009\000\040\000r\000t\000o\000s\000E\000S\000P\000S\000E\000R\000I\000A\000L\000\137\000R\000e\000f\000r\000e\000s\000h\000\050\000\051}{subsection.3.5.4}% 62
\BOOKMARK [3][-]{subsubsection.3.5.4.10}{\376\377\0003\000.\0005\000.\0004\000.\0001\0000\000\040\000r\000t\000o\000s\000E\000S\000P\000S\000E\000R\000I\000A\000L\000\137\000S\000e\000n\000d\000\050\000\051}{subsection.3.5.4}% 63
\BOOKMARK [3][-]{subsubsection.3.5.4.11}{\376\377\0003\000.\0005\000.\0004\000.\0001\0001\000\040\000r\000t\000o\000s\000E\000S\000P\000S\000E\000R\000I\000A\000L\000\137\000S\000e\000n\000d\000A\000T\000\050\000\051}{subsection.3.5.4}% 64
\BOOKMARK [3][-]{subsubsection.3.5.4.12}{\376\377\0003\000.\0005\000.\0004\000.\0001\0002\000\040\000r\000t\000o\000s\000E\000S\000P\000S\000E\000R\000I\000A\000L\000\137\000S\000e\000t\000u\000p\000\050\000\051}{subsection.3.5.4}% 65
\BOOKMARK [3][-]{subsubsection.3.5.4.13}{\376\377\0003\000.\0005\000.\0004\000.\0001\0003\000\040\000r\000t\000o\000s\000E\000S\000P\000S\000E\000R\000I\000A\000L\000\137\000W\000a\000i\000t\000R\000e\000s\000p\000\050\000\051}{subsection.3.5.4}% 66
\BOOKMARK [3][-]{subsubsection.3.5.4.14}{\376\377\0003\000.\0005\000.\0004\000.\0001\0004\000\040\000r\000t\000o\000s\000E\000S\000P\000S\000E\000R\000I\000A\000L\000\137\000W\000a\000i\000t\000S\000t\000r\000\050\000\051}{subsection.3.5.4}% 67
\BOOKMARK [1][-]{section.3.6}{\376\377\0003\000.\0006\000\040\000T\000e\000x\000t\000\040\000L\000C\000D}{chapter.3}% 68
\BOOKMARK [2][-]{subsection.3.6.1}{\376\377\0003\000.\0006\000.\0001\000\040\000D\000e\000t\000a\000i\000l\000e\000d\000\040\000D\000e\000s\000c\000r\000i\000p\000t\000i\000o\000n}{section.3.6}% 69
\BOOKMARK [2][-]{subsection.3.6.2}{\376\377\0003\000.\0006\000.\0002\000\040\000M\000a\000c\000r\000o\000\040\000D\000e\000f\000i\000n\000i\000t\000i\000o\000n\000\040\000D\000o\000c\000u\000m\000e\000n\000t\000a\000t\000i\000o\000n}{section.3.6}% 70
\BOOKMARK [3][-]{subsubsection.3.6.2.1}{\376\377\0003\000.\0006\000.\0002\000.\0001\000\040\000L\000C\000D\000T\000e\000x\000t\000\137\000C\000O\000L\000U\000M\000N\000S}{subsection.3.6.2}% 71
\BOOKMARK [3][-]{subsubsection.3.6.2.2}{\376\377\0003\000.\0006\000.\0002\000.\0002\000\040\000L\000C\000D\000T\000e\000x\000t\000\137\000L\000I\000N\000E\000S}{subsection.3.6.2}% 72
\BOOKMARK [3][-]{subsubsection.3.6.2.3}{\376\377\0003\000.\0006\000.\0002\000.\0003\000\040\000R\000T\000O\000S\000\137\000L\000C\000D\000\137\000Q\000U\000E\000U\000E\000\137\000S\000I\000Z\000E}{subsection.3.6.2}% 73
\BOOKMARK [3][-]{subsubsection.3.6.2.4}{\376\377\0003\000.\0006\000.\0002\000.\0004\000\040\000R\000T\000O\000S\000\137\000L\000C\000D\000\137\000T\000A\000S\000K\000\137\000S\000T\000A\000C\000K\000S\000I\000Z\000E}{subsection.3.6.2}% 74
\BOOKMARK [2][-]{subsection.3.6.3}{\376\377\0003\000.\0006\000.\0003\000\040\000F\000u\000n\000c\000t\000i\000o\000n\000\040\000D\000o\000c\000u\000m\000e\000n\000t\000a\000t\000i\000o\000n}{section.3.6}% 75
\BOOKMARK [3][-]{subsubsection.3.6.3.1}{\376\377\0003\000.\0006\000.\0003\000.\0001\000\040\000r\000t\000o\000s\000L\000C\000D\000T\000e\000x\000t\000\137\000C\000l\000e\000a\000r\000\050\000\051}{subsection.3.6.3}% 76
\BOOKMARK [3][-]{subsubsection.3.6.3.2}{\376\377\0003\000.\0006\000.\0003\000.\0002\000\040\000r\000t\000o\000s\000L\000C\000D\000T\000e\000x\000t\000\137\000C\000r\000e\000a\000t\000e\000C\000h\000a\000r\000\050\000\051}{subsection.3.6.3}% 77
\BOOKMARK [3][-]{subsubsection.3.6.3.3}{\376\377\0003\000.\0006\000.\0003\000.\0003\000\040\000r\000t\000o\000s\000L\000C\000D\000T\000e\000x\000t\000\137\000C\000u\000r\000s\000o\000r\000O\000f\000f\000\050\000\051}{subsection.3.6.3}% 78
\BOOKMARK [3][-]{subsubsection.3.6.3.4}{\376\377\0003\000.\0006\000.\0003\000.\0004\000\040\000r\000t\000o\000s\000L\000C\000D\000T\000e\000x\000t\000\137\000C\000u\000r\000s\000o\000r\000O\000n\000\050\000\051}{subsection.3.6.3}% 79
\BOOKMARK [3][-]{subsubsection.3.6.3.5}{\376\377\0003\000.\0006\000.\0003\000.\0005\000\040\000r\000t\000o\000s\000L\000C\000D\000T\000e\000x\000t\000\137\000I\000n\000i\000t\000\050\000\051}{subsection.3.6.3}% 80
\BOOKMARK [3][-]{subsubsection.3.6.3.6}{\376\377\0003\000.\0006\000.\0003\000.\0006\000\040\000r\000t\000o\000s\000L\000C\000D\000T\000e\000x\000t\000\137\000L\000o\000c\000a\000t\000e\000\050\000\051}{subsection.3.6.3}% 81
\BOOKMARK [3][-]{subsubsection.3.6.3.7}{\376\377\0003\000.\0006\000.\0003\000.\0007\000\040\000r\000t\000o\000s\000L\000C\000D\000T\000e\000x\000t\000\137\000L\000o\000c\000k\000B\000e\000g\000i\000n\000\050\000\051}{subsection.3.6.3}% 82
\BOOKMARK [3][-]{subsubsection.3.6.3.8}{\376\377\0003\000.\0006\000.\0003\000.\0008\000\040\000r\000t\000o\000s\000L\000C\000D\000T\000e\000x\000t\000\137\000L\000o\000c\000k\000E\000n\000d\000\050\000\051}{subsection.3.6.3}% 83
\BOOKMARK [3][-]{subsubsection.3.6.3.9}{\376\377\0003\000.\0006\000.\0003\000.\0009\000\040\000r\000t\000o\000s\000L\000C\000D\000T\000e\000x\000t\000\137\000O\000f\000f\000\050\000\051}{subsection.3.6.3}% 84
\BOOKMARK [3][-]{subsubsection.3.6.3.10}{\376\377\0003\000.\0006\000.\0003\000.\0001\0000\000\040\000r\000t\000o\000s\000L\000C\000D\000T\000e\000x\000t\000\137\000O\000n\000\050\000\051}{subsection.3.6.3}% 85
\BOOKMARK [3][-]{subsubsection.3.6.3.11}{\376\377\0003\000.\0006\000.\0003\000.\0001\0001\000\040\000r\000t\000o\000s\000L\000C\000D\000T\000e\000x\000t\000\137\000P\000r\000i\000n\000t\000f\000\050\000\051}{subsection.3.6.3}% 86
\BOOKMARK [3][-]{subsubsection.3.6.3.12}{\376\377\0003\000.\0006\000.\0003\000.\0001\0002\000\040\000r\000t\000o\000s\000L\000C\000D\000T\000e\000x\000t\000\137\000W\000r\000i\000t\000e\000C\000h\000a\000r\000\050\000\051}{subsection.3.6.3}% 87
\BOOKMARK [3][-]{subsubsection.3.6.3.13}{\376\377\0003\000.\0006\000.\0003\000.\0001\0003\000\040\000r\000t\000o\000s\000L\000C\000D\000T\000e\000x\000t\000\137\000W\000r\000i\000t\000e\000L\000i\000n\000e\000\050\000\051}{subsection.3.6.3}% 88
\BOOKMARK [3][-]{subsubsection.3.6.3.14}{\376\377\0003\000.\0006\000.\0003\000.\0001\0004\000\040\000r\000t\000o\000s\000L\000C\000D\000T\000e\000x\000t\000\137\000W\000r\000i\000t\000e\000S\000t\000r\000i\000n\000g\000\050\000\051}{subsection.3.6.3}% 89
\BOOKMARK [1][-]{section.3.7}{\376\377\0003\000.\0007\000\040\000L\000E\000D}{chapter.3}% 90
\BOOKMARK [2][-]{subsection.3.7.1}{\376\377\0003\000.\0007\000.\0001\000\040\000D\000e\000t\000a\000i\000l\000e\000d\000\040\000D\000e\000s\000c\000r\000i\000p\000t\000i\000o\000n}{section.3.7}% 91
\BOOKMARK [2][-]{subsection.3.7.2}{\376\377\0003\000.\0007\000.\0002\000\040\000M\000a\000c\000r\000o\000\040\000D\000e\000f\000i\000n\000i\000t\000i\000o\000n\000\040\000D\000o\000c\000u\000m\000e\000n\000t\000a\000t\000i\000o\000n}{section.3.7}% 92
\BOOKMARK [3][-]{subsubsection.3.7.2.1}{\376\377\0003\000.\0007\000.\0002\000.\0001\000\040\000R\000T\000O\000S\000\137\000L\000E\000D\000\137\000Q\000U\000E\000U\000E\000S\000\137\000S\000I\000Z\000E}{subsection.3.7.2}% 93
\BOOKMARK [3][-]{subsubsection.3.7.2.2}{\376\377\0003\000.\0007\000.\0002\000.\0002\000\040\000R\000T\000O\000S\000\137\000L\000E\000D\000\137\000T\000A\000S\000K\000\137\000S\000T\000A\000C\000K\000\137\000S\000I\000Z\000E}{subsection.3.7.2}% 94
\BOOKMARK [2][-]{subsection.3.7.3}{\376\377\0003\000.\0007\000.\0003\000\040\000F\000u\000n\000c\000t\000i\000o\000n\000\040\000D\000o\000c\000u\000m\000e\000n\000t\000a\000t\000i\000o\000n}{section.3.7}% 95
\BOOKMARK [3][-]{subsubsection.3.7.3.1}{\376\377\0003\000.\0007\000.\0003\000.\0001\000\040\000r\000t\000o\000s\000L\000E\000D\000\137\000G\000e\000t\000S\000t\000a\000t\000e\000\050\000\051}{subsection.3.7.3}% 96
\BOOKMARK [3][-]{subsubsection.3.7.3.2}{\376\377\0003\000.\0007\000.\0003\000.\0002\000\040\000r\000t\000o\000s\000L\000E\000D\000\137\000I\000n\000i\000t\000\050\000\051}{subsection.3.7.3}% 97
\BOOKMARK [3][-]{subsubsection.3.7.3.3}{\376\377\0003\000.\0007\000.\0003\000.\0003\000\040\000r\000t\000o\000s\000L\000E\000D\000\137\000O\000f\000f\000\050\000\051}{subsection.3.7.3}% 98
\BOOKMARK [3][-]{subsubsection.3.7.3.4}{\376\377\0003\000.\0007\000.\0003\000.\0004\000\040\000r\000t\000o\000s\000L\000E\000D\000\137\000O\000n\000\050\000\051}{subsection.3.7.3}% 99
\BOOKMARK [3][-]{subsubsection.3.7.3.5}{\376\377\0003\000.\0007\000.\0003\000.\0005\000\040\000r\000t\000o\000s\000L\000E\000D\000\137\000T\000o\000g\000g\000l\000e\000\050\000\051}{subsection.3.7.3}% 100
\BOOKMARK [1][-]{section.3.8}{\376\377\0003\000.\0008\000\040\000T\000a\000s\000k\000\040\000l\000o\000c\000k\000i\000n\000g\000\040\000m\000e\000c\000h\000a\000n\000i\000s\000m\000\040\000f\000o\000r\000\040\000F\000r\000e\000e\000R\000T\000O\000S}{chapter.3}% 101
\BOOKMARK [2][-]{subsection.3.8.1}{\376\377\0003\000.\0008\000.\0001\000\040\000D\000e\000t\000a\000i\000l\000e\000d\000\040\000D\000e\000s\000c\000r\000i\000p\000t\000i\000o\000n}{section.3.8}% 102
\BOOKMARK [2][-]{subsection.3.8.2}{\376\377\0003\000.\0008\000.\0002\000\040\000E\000n\000u\000m\000e\000r\000a\000t\000i\000o\000n\000\040\000T\000y\000p\000e\000\040\000D\000o\000c\000u\000m\000e\000n\000t\000a\000t\000i\000o\000n}{section.3.8}% 103
\BOOKMARK [3][-]{subsubsection.3.8.2.1}{\376\377\0003\000.\0008\000.\0002\000.\0001\000\040\000L\000o\000c\000k\000S\000t\000a\000t\000e\000\137\000t}{subsection.3.8.2}% 104
\BOOKMARK [2][-]{subsection.3.8.3}{\376\377\0003\000.\0008\000.\0003\000\040\000F\000u\000n\000c\000t\000i\000o\000n\000\040\000D\000o\000c\000u\000m\000e\000n\000t\000a\000t\000i\000o\000n}{section.3.8}% 105
\BOOKMARK [3][-]{subsubsection.3.8.3.1}{\376\377\0003\000.\0008\000.\0003\000.\0001\000\040\000r\000t\000o\000s\000L\000O\000C\000K\000\137\000B\000e\000g\000i\000n\000\050\000\051}{subsection.3.8.3}% 106
\BOOKMARK [3][-]{subsubsection.3.8.3.2}{\376\377\0003\000.\0008\000.\0003\000.\0002\000\040\000r\000t\000o\000s\000L\000O\000C\000K\000\137\000D\000e\000s\000t\000r\000o\000y\000\050\000\051}{subsection.3.8.3}% 107
\BOOKMARK [3][-]{subsubsection.3.8.3.3}{\376\377\0003\000.\0008\000.\0003\000.\0003\000\040\000r\000t\000o\000s\000L\000O\000C\000K\000\137\000E\000n\000d\000\050\000\051}{subsection.3.8.3}% 108
\BOOKMARK [3][-]{subsubsection.3.8.3.4}{\376\377\0003\000.\0008\000.\0003\000.\0004\000\040\000r\000t\000o\000s\000L\000O\000C\000K\000\137\000I\000n\000i\000t\000\050\000\051}{subsection.3.8.3}% 109
\BOOKMARK [1][-]{section.3.9}{\376\377\0003\000.\0009\000\040\000P\000r\000e\000s\000e\000n\000c\000e\000\040\000d\000e\000t\000e\000c\000t\000i\000n\000g\000\040\000s\000e\000n\000s\000o\000r\000.}{chapter.3}% 110
\BOOKMARK [2][-]{subsection.3.9.1}{\376\377\0003\000.\0009\000.\0001\000\040\000D\000e\000t\000a\000i\000l\000e\000d\000\040\000D\000e\000s\000c\000r\000i\000p\000t\000i\000o\000n}{section.3.9}% 111
\BOOKMARK [2][-]{subsection.3.9.2}{\376\377\0003\000.\0009\000.\0002\000\040\000M\000a\000c\000r\000o\000\040\000D\000e\000f\000i\000n\000i\000t\000i\000o\000n\000\040\000D\000o\000c\000u\000m\000e\000n\000t\000a\000t\000i\000o\000n}{section.3.9}% 112
\BOOKMARK [3][-]{subsubsection.3.9.2.1}{\376\377\0003\000.\0009\000.\0002\000.\0001\000\040\000R\000T\000O\000S\000\137\000P\000I\000R\000\137\000P\000E\000R\000I\000O\000D\000\137\000M\000S}{subsection.3.9.2}% 113
\BOOKMARK [2][-]{subsection.3.9.3}{\376\377\0003\000.\0009\000.\0003\000\040\000F\000u\000n\000c\000t\000i\000o\000n\000\040\000D\000o\000c\000u\000m\000e\000n\000t\000a\000t\000i\000o\000n}{section.3.9}% 114
\BOOKMARK [3][-]{subsubsection.3.9.3.1}{\376\377\0003\000.\0009\000.\0003\000.\0001\000\040\000r\000t\000o\000s\000P\000I\000R\000\137\000G\000e\000t\000V\000a\000l\000u\000e\000\050\000\051}{subsection.3.9.3}% 115
\BOOKMARK [3][-]{subsubsection.3.9.3.2}{\376\377\0003\000.\0009\000.\0003\000.\0002\000\040\000r\000t\000o\000s\000P\000I\000R\000\137\000I\000n\000i\000t\000\050\000\051}{subsection.3.9.3}% 116
\BOOKMARK [1][-]{section.3.10}{\376\377\0003\000.\0001\0000\000\040\000R\000e\000a\000l\000\040\000T\000i\000m\000e\000\040\000C\000l\000o\000c\000k}{chapter.3}% 117
\BOOKMARK [2][-]{subsection.3.10.1}{\376\377\0003\000.\0001\0000\000.\0001\000\040\000D\000e\000t\000a\000i\000l\000e\000d\000\040\000D\000e\000s\000c\000r\000i\000p\000t\000i\000o\000n}{section.3.10}% 118
\BOOKMARK [2][-]{subsection.3.10.2}{\376\377\0003\000.\0001\0000\000.\0002\000\040\000M\000a\000c\000r\000o\000\040\000D\000e\000f\000i\000n\000i\000t\000i\000o\000n\000\040\000D\000o\000c\000u\000m\000e\000n\000t\000a\000t\000i\000o\000n}{section.3.10}% 119
\BOOKMARK [3][-]{subsubsection.3.10.2.1}{\376\377\0003\000.\0001\0000\000.\0002\000.\0001\000\040\000R\000T\000O\000S\000\137\000R\000T\000C\000\137\000Q\000U\000E\000U\000E\000S\000\137\000S\000I\000Z\000E}{subsection.3.10.2}% 120
\BOOKMARK [3][-]{subsubsection.3.10.2.2}{\376\377\0003\000.\0001\0000\000.\0002\000.\0002\000\040\000R\000T\000O\000S\000\137\000R\000T\000C\000\137\000T\000A\000S\000K\000\137\000S\000T\000A\000C\000K\000\137\000S\000I\000Z\000E}{subsection.3.10.2}% 121
\BOOKMARK [2][-]{subsection.3.10.3}{\376\377\0003\000.\0001\0000\000.\0003\000\040\000F\000u\000n\000c\000t\000i\000o\000n\000\040\000D\000o\000c\000u\000m\000e\000n\000t\000a\000t\000i\000o\000n}{section.3.10}% 122
\BOOKMARK [3][-]{subsubsection.3.10.3.1}{\376\377\0003\000.\0001\0000\000.\0003\000.\0001\000\040\000r\000t\000o\000s\000R\000T\000C\000\137\000G\000e\000t\000S\000e\000c\000o\000n\000d\000s\000\050\000\051}{subsection.3.10.3}% 123
\BOOKMARK [3][-]{subsubsection.3.10.3.2}{\376\377\0003\000.\0001\0000\000.\0003\000.\0002\000\040\000r\000t\000o\000s\000R\000T\000C\000\137\000G\000e\000t\000V\000a\000l\000u\000e\000\050\000\051}{subsection.3.10.3}% 124
\BOOKMARK [3][-]{subsubsection.3.10.3.3}{\376\377\0003\000.\0001\0000\000.\0003\000.\0003\000\040\000r\000t\000o\000s\000R\000T\000C\000\137\000I\000n\000i\000t\000\050\000\051}{subsection.3.10.3}% 125
\BOOKMARK [3][-]{subsubsection.3.10.3.4}{\376\377\0003\000.\0001\0000\000.\0003\000.\0004\000\040\000r\000t\000o\000s\000R\000T\000C\000\137\000I\000n\000i\000t\000S\000e\000c\000o\000n\000d\000s\000\050\000\051}{subsection.3.10.3}% 126
\BOOKMARK [3][-]{subsubsection.3.10.3.5}{\376\377\0003\000.\0001\0000\000.\0003\000.\0005\000\040\000r\000t\000o\000s\000R\000T\000C\000\137\000S\000e\000t\000S\000e\000c\000o\000n\000d\000s\000\050\000\051}{subsection.3.10.3}% 127
\BOOKMARK [3][-]{subsubsection.3.10.3.6}{\376\377\0003\000.\0001\0000\000.\0003\000.\0006\000\040\000r\000t\000o\000s\000R\000T\000C\000\137\000S\000e\000t\000V\000a\000l\000u\000e\000\050\000\051}{subsection.3.10.3}% 128
\BOOKMARK [1][-]{section.3.11}{\376\377\0003\000.\0001\0001\000\040\000T\000i\000m\000e\000o\000u\000t}{chapter.3}% 129
\BOOKMARK [2][-]{subsection.3.11.1}{\376\377\0003\000.\0001\0001\000.\0001\000\040\000D\000e\000t\000a\000i\000l\000e\000d\000\040\000D\000e\000s\000c\000r\000i\000p\000t\000i\000o\000n}{section.3.11}% 130
\BOOKMARK [2][-]{subsection.3.11.2}{\376\377\0003\000.\0001\0001\000.\0002\000\040\000F\000u\000n\000c\000t\000i\000o\000n\000\040\000D\000o\000c\000u\000m\000e\000n\000t\000a\000t\000i\000o\000n}{section.3.11}% 131
\BOOKMARK [3][-]{subsubsection.3.11.2.1}{\376\377\0003\000.\0001\0001\000.\0002\000.\0001\000\040\000r\000t\000o\000s\000T\000I\000M\000E\000O\000U\000T\000\137\000E\000x\000p\000i\000r\000e\000d\000\050\000\051}{subsection.3.11.2}% 132
\BOOKMARK [3][-]{subsubsection.3.11.2.2}{\376\377\0003\000.\0001\0001\000.\0002\000.\0002\000\040\000r\000t\000o\000s\000T\000I\000M\000E\000O\000U\000T\000\137\000S\000t\000a\000r\000t\000\050\000\051}{subsection.3.11.2}% 133
\BOOKMARK [0][-]{chapter.4}{\376\377\0004\000\040\000F\000i\000l\000e\000\040\000D\000o\000c\000u\000m\000e\000n\000t\000a\000t\000i\000o\000n}{}% 134
\BOOKMARK [1][-]{section.4.1}{\376\377\0004\000.\0001\000\040\000C\000:\000/\000U\000s\000e\000r\000s\000/\000a\000l\000e\000x\000t\000/\000D\000e\000s\000k\000t\000o\000p\000/\000S\000E\000/\000W\000o\000r\000k\000s\000p\000a\000c\000e\000/\000F\000r\000e\000e\000R\000T\000O\000S\000-\000D\000r\000i\000v\000e\000r\000s\000/\000i\000n\000c\000/\000i\000n\000f\000o\000.\000h\000\040\000F\000i\000l\000e\000\040\000R\000e\000f\000e\000r\000e\000n\000c\000e}{chapter.4}% 135
\BOOKMARK [2][-]{subsection.4.1.1}{\376\377\0004\000.\0001\000.\0001\000\040\000D\000e\000t\000a\000i\000l\000e\000d\000\040\000D\000e\000s\000c\000r\000i\000p\000t\000i\000o\000n}{section.4.1}% 136
\BOOKMARK [1][-]{section.4.2}{\376\377\0004\000.\0002\000\040\000C\000:\000/\000U\000s\000e\000r\000s\000/\000a\000l\000e\000x\000t\000/\000D\000e\000s\000k\000t\000o\000p\000/\000S\000E\000/\000W\000o\000r\000k\000s\000p\000a\000c\000e\000/\000F\000r\000e\000e\000R\000T\000O\000S\000-\000D\000r\000i\000v\000e\000r\000s\000/\000i\000n\000c\000/\000r\000t\000o\000s\000b\000h\0001\0007\0005\0000\000.\000h\000\040\000F\000i\000l\000e\000\040\000R\000e\000f\000e\000r\000e\000n\000c\000e}{chapter.4}% 137
\BOOKMARK [2][-]{subsection.4.2.1}{\376\377\0004\000.\0002\000.\0001\000\040\000D\000e\000t\000a\000i\000l\000e\000d\000\040\000D\000e\000s\000c\000r\000i\000p\000t\000i\000o\000n}{section.4.2}% 138
\BOOKMARK [1][-]{section.4.3}{\376\377\0004\000.\0003\000\040\000C\000:\000/\000U\000s\000e\000r\000s\000/\000a\000l\000e\000x\000t\000/\000D\000e\000s\000k\000t\000o\000p\000/\000S\000E\000/\000W\000o\000r\000k\000s\000p\000a\000c\000e\000/\000F\000r\000e\000e\000R\000T\000O\000S\000-\000D\000r\000i\000v\000e\000r\000s\000/\000i\000n\000c\000/\000r\000t\000o\000s\000e\000n\000c\000o\000d\000e\000r\000.\000h\000\040\000F\000i\000l\000e\000\040\000R\000e\000f\000e\000r\000e\000n\000c\000e}{chapter.4}% 139
\BOOKMARK [2][-]{subsection.4.3.1}{\376\377\0004\000.\0003\000.\0001\000\040\000D\000e\000t\000a\000i\000l\000e\000d\000\040\000D\000e\000s\000c\000r\000i\000p\000t\000i\000o\000n}{section.4.3}% 140
\BOOKMARK [1][-]{section.4.4}{\376\377\0004\000.\0004\000\040\000C\000:\000/\000U\000s\000e\000r\000s\000/\000a\000l\000e\000x\000t\000/\000D\000e\000s\000k\000t\000o\000p\000/\000S\000E\000/\000W\000o\000r\000k\000s\000p\000a\000c\000e\000/\000F\000r\000e\000e\000R\000T\000O\000S\000-\000D\000r\000i\000v\000e\000r\000s\000/\000i\000n\000c\000/\000r\000t\000o\000s\000e\000s\000p\000s\000e\000r\000i\000a\000l\000.\000h\000\040\000F\000i\000l\000e\000\040\000R\000e\000f\000e\000r\000e\000n\000c\000e}{chapter.4}% 141
\BOOKMARK [2][-]{subsection.4.4.1}{\376\377\0004\000.\0004\000.\0001\000\040\000D\000e\000t\000a\000i\000l\000e\000d\000\040\000D\000e\000s\000c\000r\000i\000p\000t\000i\000o\000n}{section.4.4}% 142
\BOOKMARK [1][-]{section.4.5}{\376\377\0004\000.\0005\000\040\000C\000:\000/\000U\000s\000e\000r\000s\000/\000a\000l\000e\000x\000t\000/\000D\000e\000s\000k\000t\000o\000p\000/\000S\000E\000/\000W\000o\000r\000k\000s\000p\000a\000c\000e\000/\000F\000r\000e\000e\000R\000T\000O\000S\000-\000D\000r\000i\000v\000e\000r\000s\000/\000i\000n\000c\000/\000r\000t\000o\000s\000l\000c\000d\000.\000h\000\040\000F\000i\000l\000e\000\040\000R\000e\000f\000e\000r\000e\000n\000c\000e}{chapter.4}% 143
\BOOKMARK [2][-]{subsection.4.5.1}{\376\377\0004\000.\0005\000.\0001\000\040\000D\000e\000t\000a\000i\000l\000e\000d\000\040\000D\000e\000s\000c\000r\000i\000p\000t\000i\000o\000n}{section.4.5}% 144
\BOOKMARK [1][-]{section.4.6}{\376\377\0004\000.\0006\000\040\000C\000:\000/\000U\000s\000e\000r\000s\000/\000a\000l\000e\000x\000t\000/\000D\000e\000s\000k\000t\000o\000p\000/\000S\000E\000/\000W\000o\000r\000k\000s\000p\000a\000c\000e\000/\000F\000r\000e\000e\000R\000T\000O\000S\000-\000D\000r\000i\000v\000e\000r\000s\000/\000i\000n\000c\000/\000r\000t\000o\000s\000l\000e\000d\000.\000h\000\040\000F\000i\000l\000e\000\040\000R\000e\000f\000e\000r\000e\000n\000c\000e}{chapter.4}% 145
\BOOKMARK [2][-]{subsection.4.6.1}{\376\377\0004\000.\0006\000.\0001\000\040\000D\000e\000t\000a\000i\000l\000e\000d\000\040\000D\000e\000s\000c\000r\000i\000p\000t\000i\000o\000n}{section.4.6}% 146
\BOOKMARK [1][-]{section.4.7}{\376\377\0004\000.\0007\000\040\000C\000:\000/\000U\000s\000e\000r\000s\000/\000a\000l\000e\000x\000t\000/\000D\000e\000s\000k\000t\000o\000p\000/\000S\000E\000/\000W\000o\000r\000k\000s\000p\000a\000c\000e\000/\000F\000r\000e\000e\000R\000T\000O\000S\000-\000D\000r\000i\000v\000e\000r\000s\000/\000i\000n\000c\000/\000r\000t\000o\000s\000l\000o\000c\000k\000.\000h\000\040\000F\000i\000l\000e\000\040\000R\000e\000f\000e\000r\000e\000n\000c\000e}{chapter.4}% 147
\BOOKMARK [2][-]{subsection.4.7.1}{\376\377\0004\000.\0007\000.\0001\000\040\000D\000e\000t\000a\000i\000l\000e\000d\000\040\000D\000e\000s\000c\000r\000i\000p\000t\000i\000o\000n}{section.4.7}% 148
\BOOKMARK [1][-]{section.4.8}{\376\377\0004\000.\0008\000\040\000C\000:\000/\000U\000s\000e\000r\000s\000/\000a\000l\000e\000x\000t\000/\000D\000e\000s\000k\000t\000o\000p\000/\000S\000E\000/\000W\000o\000r\000k\000s\000p\000a\000c\000e\000/\000F\000r\000e\000e\000R\000T\000O\000S\000-\000D\000r\000i\000v\000e\000r\000s\000/\000i\000n\000c\000/\000r\000t\000o\000s\000p\000i\000r\000.\000h\000\040\000F\000i\000l\000e\000\040\000R\000e\000f\000e\000r\000e\000n\000c\000e}{chapter.4}% 149
\BOOKMARK [2][-]{subsection.4.8.1}{\376\377\0004\000.\0008\000.\0001\000\040\000D\000e\000t\000a\000i\000l\000e\000d\000\040\000D\000e\000s\000c\000r\000i\000p\000t\000i\000o\000n}{section.4.8}% 150
\BOOKMARK [1][-]{section.4.9}{\376\377\0004\000.\0009\000\040\000C\000:\000/\000U\000s\000e\000r\000s\000/\000a\000l\000e\000x\000t\000/\000D\000e\000s\000k\000t\000o\000p\000/\000S\000E\000/\000W\000o\000r\000k\000s\000p\000a\000c\000e\000/\000F\000r\000e\000e\000R\000T\000O\000S\000-\000D\000r\000i\000v\000e\000r\000s\000/\000i\000n\000c\000/\000r\000t\000o\000s\000r\000t\000c\000.\000h\000\040\000F\000i\000l\000e\000\040\000R\000e\000f\000e\000r\000e\000n\000c\000e}{chapter.4}% 151
\BOOKMARK [2][-]{subsection.4.9.1}{\376\377\0004\000.\0009\000.\0001\000\040\000D\000e\000t\000a\000i\000l\000e\000d\000\040\000D\000e\000s\000c\000r\000i\000p\000t\000i\000o\000n}{section.4.9}% 152
\BOOKMARK [1][-]{section.4.10}{\376\377\0004\000.\0001\0000\000\040\000C\000:\000/\000U\000s\000e\000r\000s\000/\000a\000l\000e\000x\000t\000/\000D\000e\000s\000k\000t\000o\000p\000/\000S\000E\000/\000W\000o\000r\000k\000s\000p\000a\000c\000e\000/\000F\000r\000e\000e\000R\000T\000O\000S\000-\000D\000r\000i\000v\000e\000r\000s\000/\000i\000n\000c\000/\000r\000t\000o\000s\000t\000i\000m\000e\000o\000u\000t\000.\000h\000\040\000F\000i\000l\000e\000\040\000R\000e\000f\000e\000r\000e\000n\000c\000e}{chapter.4}% 153
\BOOKMARK [2][-]{subsection.4.10.1}{\376\377\0004\000.\0001\0000\000.\0001\000\040\000D\000e\000t\000a\000i\000l\000e\000d\000\040\000D\000e\000s\000c\000r\000i\000p\000t\000i\000o\000n}{section.4.10}% 154
